[16:54:52] [main/INFO] ========================================
[16:54:52] [main/INFO] Minecraft: 1.20.1
[16:54:52] [main/INFO] Side: server
[16:54:52] [main/INFO] Development: false
[16:54:52] [main/INFO] Version: 12.1.785
[16:54:52] [main/INFO] Loader:
[16:54:52] [main/INFO] - Fabric: 0.16.3
[16:54:52] [main/INFO] - Fabric API: 0.92.2+1.20.1
[16:54:52] [main/INFO] Dependencies:
[16:54:52] [main/INFO] - Cloth Config: 11.1.136
[16:54:52] [main/INFO] - Architectury: 9.2.14
[16:54:52] [main/INFO] Mixin: 0.8.7
[16:54:52] [main/INFO] OS: Linux 6.8.0-1027-azure (amd64)
[16:54:52] [main/INFO] Java: 21.0.7 (Ubuntu)
[16:54:52] [main/INFO] ========================================
[16:54:52] [main/INFO] Mods:
[16:54:52] [main/INFO] - accessories: 1.0.0-beta.47+1.20.1
[16:54:52] [main/INFO] - appleskin: 2.5.1+mc1.20
[16:54:52] [main/INFO] - architectury: 9.2.14
[16:54:52] [main/INFO] - bclib: 3.0.14
[16:54:52] [main/INFO] - betterend: 4.0.11
[16:54:52] [main/INFO] - betterendisland: 1.20-Fabric-2.0.6
[16:54:52] [main/INFO] - betterfortresses: 1.20-Fabric-2.0.6
[16:54:52] [main/INFO] - betteroceanmonuments: 1.20-Fabric-3.0.4
[16:54:52] [main/INFO] - bettervillage: 3.3.0
[16:54:52] [main/INFO] - blue_endless_jankson: 1.2.3
[16:54:52] [main/INFO] - cactusconfig: 2.1.1+knot+1.20.1
[16:54:52] [main/INFO] - cardinal-components: 5.2.3
[16:54:52] [main/INFO] - cardinal-components-base: 5.2.3
[16:54:52] [main/INFO] - cardinal-components-block: 5.2.3
[16:54:52] [main/INFO] - cardinal-components-chunk: 5.2.3
[16:54:52] [main/INFO] - cardinal-components-entity: 5.2.3
[16:54:52] [main/INFO] - cardinal-components-item: 5.2.3
[16:54:52] [main/INFO] - cardinal-components-level: 5.2.3
[16:54:52] [main/INFO] - cardinal-components-scoreboard: 5.2.3
[16:54:52] [main/INFO] - cardinal-components-world: 5.2.3
[16:54:52] [main/INFO] - cavedust: 3.0.0
[16:54:52] [main/INFO] - cloth-basic-math: 0.6.1
[16:54:52] [main/INFO] - cloth-config: 11.1.136
[16:54:52] [main/INFO] - cloth-config: 11.1.136
[16:54:52] [main/INFO] - codec-config-api: 3.0.1+1.20.1
[16:54:52] [main/INFO] - collective: 7.84
[16:54:52] [main/INFO] - com_electronwill_night-config_core: 3.6.6
[16:54:52] [main/INFO] - com_electronwill_night-config_toml: 3.6.6
[16:54:52] [main/INFO] - com_konghq_unirest-java_standalone: 3.11.9
[16:54:52] [main/INFO] - com_twelvemonkeys_common_common-image: 3.12.0
[16:54:52] [main/INFO] - com_twelvemonkeys_common_common-io: 3.12.0
[16:54:52] [main/INFO] - com_twelvemonkeys_common_common-lang: 3.12.0
[16:54:52] [main/INFO] - com_twelvemonkeys_imageio_imageio-core: 3.12.0
[16:54:52] [main/INFO] - com_twelvemonkeys_imageio_imageio-metadata: 3.12.0
[16:54:52] [main/INFO] - com_twelvemonkeys_imageio_imageio-webp: 3.12.0
[16:54:52] [main/INFO] - commons-validator_commons-validator: 1.7
[16:54:52] [main/INFO] - crops_love_rain: 1.4.0
[16:54:52] [main/INFO] - ctov: 3.4.14
[16:54:52] [main/INFO] - customizableelytra: 2.1.2+1.20
[16:54:52] [main/INFO] - easyshulkerboxes: 8.0.2
[16:54:52] [main/INFO] - entityculling: 1.7.0
[16:54:52] [main/INFO] - error_notifier: 1.0.9
[16:54:52] [main/INFO] - fabric-api: 0.92.2+1.20.1
[16:54:52] [main/INFO] - fabric-api: 0.92.2+1.20.1
[16:54:52] [main/INFO] - fabric-api-base: 0.4.31+1802ada577
[16:54:52] [main/INFO] - fabric-api-lookup-api-v1: 1.6.36+1802ada577
[16:54:52] [main/INFO] - fabric-biome-api-v1: 13.0.13+1802ada577
[16:54:52] [main/INFO] - fabric-block-api-v1: 1.0.11+1802ada577
[16:54:52] [main/INFO] - fabric-block-view-api-v2: 1.0.1+1802ada577
[16:54:52] [main/INFO] - fabric-command-api-v1: 1.2.34+f71b366f77
[16:54:52] [main/INFO] - fabric-command-api-v2: 2.2.13+1802ada577
[16:54:52] [main/INFO] - fabric-commands-v0: 0.2.51+df3654b377
[16:54:52] [main/INFO] - fabric-containers-v0: 0.1.64+df3654b377
[16:54:52] [main/INFO] - fabric-content-registries-v0: 4.0.11+1802ada577
[16:54:52] [main/INFO] - fabric-convention-tags-v1: 1.5.5+1802ada577
[16:54:52] [main/INFO] - fabric-crash-report-info-v1: 0.2.19+1802ada577
[16:54:52] [main/INFO] - fabric-data-attachment-api-v1: 1.0.0+de0fd6d177
[16:54:52] [main/INFO] - fabric-data-generation-api-v1: 12.3.4+1802ada577
[16:54:52] [main/INFO] - fabric-dimensions-v1: 2.1.54+1802ada577
[16:54:52] [main/INFO] - fabric-entity-events-v1: 1.6.0+1c78457f77
[16:54:52] [main/INFO] - fabric-events-interaction-v0: 0.6.2+1802ada577
[16:54:52] [main/INFO] - fabric-events-lifecycle-v0: 0.2.63+df3654b377
[16:54:52] [main/INFO] - fabric-game-rule-api-v1: 1.0.40+1802ada577
[16:54:52] [main/INFO] - fabric-item-api-v1: 2.1.28+1802ada577
[16:54:52] [main/INFO] - fabric-item-group-api-v1: 4.0.12+1802ada577
[16:54:52] [main/INFO] - fabric-language-kotlin: 1.12.3+kotlin.2.0.21
[16:54:52] [main/INFO] - fabric-lifecycle-events-v1: 2.2.22+1802ada577
[16:54:52] [main/INFO] - fabric-loot-api-v2: 1.2.1+1802ada577
[16:54:52] [main/INFO] - fabric-loot-tables-v1: 1.1.45+9e7660c677
[16:54:52] [main/INFO] - fabric-message-api-v1: 5.1.9+1802ada577
[16:54:52] [main/INFO] - fabric-mining-level-api-v1: 2.1.50+1802ada577
[16:54:52] [main/INFO] - fabric-networking-api-v1: 1.3.11+1802ada577
[16:54:52] [main/INFO] - fabric-networking-v0: 0.3.51+df3654b377
[16:54:52] [main/INFO] - fabric-object-builder-api-v1: 11.1.3+1802ada577
[16:54:52] [main/INFO] - fabric-particles-v1: 1.1.2+1802ada577
[16:54:52] [main/INFO] - fabric-permissions-api-v0: 0.3.1
[16:54:52] [main/INFO] - fabric-recipe-api-v1: 1.0.21+1802ada577
[16:54:52] [main/INFO] - fabric-registry-sync-v0: 2.3.3+1802ada577
[16:54:52] [main/INFO] - fabric-rendering-data-attachment-v1: 0.3.37+92a0d36777
[16:54:52] [main/INFO] - fabric-rendering-fluids-v1: 3.0.28+1802ada577
[16:54:52] [main/INFO] - fabric-resource-conditions-api-v1: 2.3.8+1802ada577
[16:54:52] [main/INFO] - fabric-resource-loader-v0: 0.11.10+1802ada577
[16:54:52] [main/INFO] - fabric-screen-handler-api-v1: 1.3.30+1802ada577
[16:54:52] [main/INFO] - fabric-transfer-api-v1: 3.3.5+8dd72ea377
[16:54:52] [main/INFO] - fabric-transitive-access-wideners-v1: 4.3.1+1802ada577
[16:54:52] [main/INFO] - fabricloader: 0.16.3
[16:54:52] [main/INFO] - ferritecore: 6.0.1
[16:54:52] [main/INFO] - forgeconfigapiport: 8.0.0
[16:54:52] [main/INFO] - formations: 1.0.3
[16:54:52] [main/INFO] - formationsnether: 1.0.5
[16:54:52] [main/INFO] - formationsoverworld: 1.0.4
[16:54:52] [main/INFO] - fzzy_config: 0.5.4+1.20.1
[16:54:52] [main/INFO] - glowing-torchflower: 1.1.0
[16:54:52] [main/INFO] - grindenchantments: 3.1.4+1.20.1
[16:54:52] [main/INFO] - horsebuff: 2.1.2
[16:54:52] [main/INFO] - io_wispforest_endec: 0.1.8
[16:54:52] [main/INFO] - io_wispforest_endec_gson: 0.1.5
[16:54:52] [main/INFO] - io_wispforest_endec_netty: 0.1.4
[16:54:52] [main/INFO] - jade: 11.13.1+fabric
[16:54:52] [main/INFO] - jamlib: 0.6.1+1.20.x
[16:54:52] [main/INFO] - java: 21
[16:54:52] [main/INFO] - jei: 15.20.0.105
[16:54:52] [main/INFO] - kirin: 1.15.6+1.20.1
[16:54:52] [main/INFO] - libraryferret: 4.0.0
[16:54:52] [main/INFO] - lithium: 0.11.2
[16:54:52] [main/INFO] - lithostitched: 1.4.7
[16:54:52] [main/INFO] - minecraft: 1.20.1
[16:54:52] [main/INFO] - mixinextras: 0.4.1
[16:54:52] [main/INFO] - modernfix: 5.19.4+mc1.20.1
[16:54:52] [main/INFO] - mr_dungeons_andtaverns: 3.0.3.f
[16:54:52] [main/INFO] - mr_dungeons_andtavernsstrongholdrework: 1
[16:54:52] [main/INFO] - mr_mastercutter: 1.1
[16:54:52] [main/INFO] - net_peanuuutz_tomlkt_tomlkt-jvm: 0.3.7
[16:54:52] [main/INFO] - no-resource-pack-warnings: 1.3.0
[16:54:52] [main/INFO] - noisium: 2.3.0+mc1.20-1.20.1
[16:54:52] [main/INFO] - notenoughanimations: 1.7.6
[16:54:52] [main/INFO] - org_javassist_javassist: 3.29.2-GA
[16:54:52] [main/INFO] - org_jetbrains_kotlin_kotlin-reflect: 2.0.21
[16:54:52] [main/INFO] - org_jetbrains_kotlin_kotlin-stdlib: 2.0.21
[16:54:52] [main/INFO] - org_jetbrains_kotlin_kotlin-stdlib-jdk7: 2.0.21
[16:54:52] [main/INFO] - org_jetbrains_kotlin_kotlin-stdlib-jdk8: 2.0.21
[16:54:52] [main/INFO] - org_jetbrains_kotlinx_atomicfu-jvm: 0.25.0
[16:54:52] [main/INFO] - org_jetbrains_kotlinx_kotlinx-coroutines-core-jvm: 1.9.0
[16:54:52] [main/INFO] - org_jetbrains_kotlinx_kotlinx-coroutines-jdk8: 1.9.0
[16:54:52] [main/INFO] - org_jetbrains_kotlinx_kotlinx-datetime-jvm: 0.6.1
[16:54:52] [main/INFO] - org_jetbrains_kotlinx_kotlinx-io-bytestring-jvm: 0.5.4
[16:54:52] [main/INFO] - org_jetbrains_kotlinx_kotlinx-io-core-jvm: 0.5.4
[16:54:52] [main/INFO] - org_jetbrains_kotlinx_kotlinx-serialization-cbor-jvm: 1.7.3
[16:54:52] [main/INFO] - org_jetbrains_kotlinx_kotlinx-serialization-core-jvm: 1.7.3
[16:54:52] [main/INFO] - org_jetbrains_kotlinx_kotlinx-serialization-json-jvm: 1.7.3
[16:54:52] [main/INFO] - org_jsoup_jsoup: 1.16.1
[16:54:52] [main/INFO] - org_mineskin_java-client: 1.2.4-SNAPSHOT
[16:54:52] [main/INFO] - org_quiltmc_parsers_gson: 0.2.1
[16:54:52] [main/INFO] - org_quiltmc_parsers_json: 0.2.1
[16:54:52] [main/INFO] - org_reflections_reflections: 0.10.2
[16:54:52] [main/INFO] - owo: 0.11.2+1.20
[16:54:52] [main/INFO] - pickupnotifier: 8.0.0
[16:54:52] [main/INFO] - puzzlesaccessapi: 8.0.9
[16:54:52] [main/INFO] - puzzlesapi: 8.1.6
[16:54:52] [main/INFO] - puzzleslib: 8.1.24
[16:54:52] [main/INFO] - reach-entity-attributes: 2.4.0
[16:54:52] [main/INFO] - rightclickharvest: 3.2.3+1.19.x-1.20.1-fabric
[16:54:52] [main/INFO] - roughlyenoughitems: 12.1.785
[16:54:52] [main/INFO] - skin_changer: 0.6.6
[16:54:52] [main/INFO] - skinlayers3d: 1.6.7
[16:54:52] [main/INFO] - skinshuffle: 2.2.2+1.20.1
[16:54:52] [main/INFO] - threadtweak: 1.20.2-0.1.1
[16:54:52] [main/INFO] - toggleableitemframes: 5.1.0-1.20.1
[16:54:52] [main/INFO] - travelersbackpack: 9.1.36
[16:54:52] [main/INFO] - trinkets: 3.7.2
[16:54:52] [main/INFO] - u_desert: 1.6.0
[16:54:52] [main/INFO] - unwrecked_ships_plus: 2.0.5
[16:54:52] [main/INFO] - vmp: 0.2.0+beta.7.102
[16:54:52] [main/INFO] - wabi_sabi_structures: 2.0.0-1.20
[16:54:52] [main/INFO] - wunderlib: 1.1.5
[16:54:52] [main/INFO] - yet_another_config_lib_v3: 3.6.6+1.20.1-fabric
[16:54:52] [main/INFO] - yungsapi: 1.20-Fabric-4.0.6
[16:54:52] [main/INFO] ========================================
[16:54:52] [main/INFO] [REI] Registered plugin provider DefaultPlugin [roughlyenoughitems] for REIPlugin
[16:54:52] [main/INFO] [REI] Registered plugin provider DefaultRuntimePlugin [roughlyenoughitems] for REIPlugin
[16:54:52] [main/INFO] [REI] Registered plugin provider DefaultPlugin [roughlyenoughitems] for REIServerPlugin
[16:54:52] [main/INFO] [REI] Registered plugin provider DefaultRuntimePlugin [roughlyenoughitems] for REIServerPlugin
[16:54:52] [main/INFO] [REI] Registered plugin provider FabricFluidAPISupportPlugin for REIServerPlugin
[16:54:52] [main/INFO] [REI] Registered plugin provider FabricFluidAPISupportPlugin for REIPlugin
[16:55:40] [Worker-Main-1/DEBUG] [REI] Processed 3 tags in 4.359 ms for minecraft:instrument
[16:55:40] [Worker-Main-2/DEBUG] [REI] Processed 20 tags in 3.967 ms for minecraft:entity_type
[16:55:40] [Worker-Main-2/DEBUG] [REI] Processed 1 tags in 36.07 μs for minecraft:painting_variant
[16:55:40] [Worker-Main-1/DEBUG] [REI] Processed 0 tags in 4.648 μs for minecraft:worldgen/structure_set
[16:55:40] [Worker-Main-1/DEBUG] [REI] Processed 3 tags in 31.87 μs for minecraft:point_of_interest_type
[16:55:40] [Worker-Main-2/DEBUG] [REI] Processed 0 tags in 12.97 μs for minecraft:damage_type
[16:55:40] [Worker-Main-2/DEBUG] [REI] Processed 2 tags in 18.64 μs for minecraft:cat_variant
[16:55:40] [Worker-Main-1/DEBUG] [REI] Processed 0 tags in 4.729 μs for minecraft:worldgen/processor_list
[16:55:40] [Worker-Main-2/DEBUG] [REI] Processed 5 tags in 27.30 μs for minecraft:enchantment
[16:55:40] [Worker-Main-2/DEBUG] [REI] Processed 4 tags in 25.00 μs for minecraft:fluid
[16:55:40] [Worker-Main-2/DEBUG] [REI] Processed 0 tags in 5.921 μs for minecraft:worldgen/world_preset
[16:55:40] [Worker-Main-1/DEBUG] [REI] Processed 0 tags in 25.97 μs for minecraft:worldgen/structure
[16:55:40] [Worker-Main-2/DEBUG] [REI] Processed 5 tags in 88.71 μs for minecraft:game_event
[16:55:40] [Worker-Main-2/DEBUG] [REI] Processed 0 tags in 5.270 μs for minecraft:worldgen/flat_level_generator_preset
[16:55:40] [Worker-Main-2/DEBUG] [REI] Processed 7 tags in 71.69 μs for minecraft:banner_pattern
[16:55:41] [Worker-Main-2/DEBUG] [REI] Processed 215 tags in 4.812 ms for minecraft:item
[16:55:41] [Worker-Main-3/DEBUG] [REI] Processed 246 tags in 2.311 ms for minecraft:block
[16:55:41] [Worker-Main-1/DEBUG] [REI] Processed 0 tags in 100.5 μs for minecraft:worldgen/biome
[16:55:41] [main/DEBUG] [REI] Starting Reload Plugins of stage null
java.lang.Throwable
	at me.shedaniel.rei.impl.common.plugins.ReloadManagerImpl.reloadPlugins(ReloadManagerImpl.java:110)
	at me.shedaniel.rei.RoughlyEnoughItemsCore.lambda$onInitialize$5(RoughlyEnoughItemsCore.java:163)
	at java.base/java.util.concurrent.CompletableFuture$UniRun.tryFire(CompletableFuture.java:787)
	at java.base/java.util.concurrent.CompletableFuture$Completion.run(CompletableFuture.java:482)
	at net.minecraft.class_4014.method_18365(class_4014.java:69)
	at net.minecraft.class_156.method_43498(class_156.java:950)
	at net.minecraft.class_156.method_43499(class_156.java:938)
	at net.minecraft.server.Main.main(Main.java:160)
	at net.fabricmc.loader.impl.game.minecraft.MinecraftGameProvider.launch(MinecraftGameProvider.java:480)
	at net.fabricmc.loader.impl.launch.knot.Knot.launch(Knot.java:74)
	at net.fabricmc.loader.impl.launch.knot.KnotServer.main(KnotServer.java:23)
	at net.fabricmc.loader.impl.launch.server.FabricServerLauncher.main(FabricServerLauncher.java:69)
	at net.fabricmc.installer.ServerLauncher.main(ServerLauncher.java:69)
[16:55:41] [main/DEBUG] [REI] ========================================
[16:55:41] [main/DEBUG] [REI] REIPlugin starting pre-reload for START.
[16:55:41] [main/DEBUG] [REI] Reloadables (7):
[16:55:41] [main/DEBUG] [REI]  - EntryTypeRegistryImpl
[16:55:41] [main/DEBUG] [REI]  - EntrySettingsAdapterRegistryImpl
[16:55:41] [main/DEBUG] [REI]  - RecipeManagerContextImpl
[16:55:41] [main/DEBUG] [REI]  - ItemComparatorRegistryImpl
[16:55:41] [main/DEBUG] [REI]  - FluidComparatorRegistryImpl
[16:55:41] [main/DEBUG] [REI]  - DisplaySerializerRegistryImpl
[16:55:41] [main/DEBUG] [REI]  - FluidSupportProviderImpl
[16:55:41] [main/DEBUG] [REI] Plugins (3):
[16:55:41] [main/DEBUG] [REI]  - (-100.00) DefaultPlugin of DefaultPlugin [roughlyenoughitems]
[16:55:41] [main/DEBUG] [REI]  - (0.00) FabricFluidAPISupportPlugin
[16:55:41] [main/DEBUG] [REI]  - (0.00) DefaultRuntimePlugin of DefaultRuntimePlugin [roughlyenoughitems]
[16:55:41] [main/DEBUG] [REI] ========================================
[16:55:41] [main/TRACE] [REI] [REIPlugin START] Reloading Section: "pre-register/"
[16:55:41] [main/TRACE] [REI] [REIPlugin START] Reloading Section: "pre-register/DefaultPlugin of DefaultPlugin [roughlyenoughitems]/"
[16:55:41] [main/TRACE] [REI] [REIPlugin START] Reloading Section: "pre-register/DefaultPlugin of DefaultPlugin [roughlyenoughitems]/" done in 1.014 ms
[16:55:41] [main/TRACE] [REI] [REIPlugin START] Reloading Section: "pre-register/FabricFluidAPISupportPlugin/"
[16:55:41] [main/TRACE] [REI] [REIPlugin START] Reloading Section: "pre-register/FabricFluidAPISupportPlugin/" done in 47.53 μs
[16:55:41] [main/TRACE] [REI] [REIPlugin START] Reloading Section: "pre-register/DefaultRuntimePlugin of DefaultRuntimePlugin [roughlyenoughitems]/"
[16:55:41] [main/TRACE] [REI] [REIPlugin START] Reloading Section: "pre-register/DefaultRuntimePlugin of DefaultRuntimePlugin [roughlyenoughitems]/" done in 43.17 μs
[16:55:41] [main/TRACE] [REI] [REIPlugin START] Reloading Section: "pre-register/" done in 15.54 ms
[16:55:41] [main/TRACE] [REI] [REIPlugin START] Reloading Section: "pre-stage/"
[16:55:41] [main/TRACE] [REI] [REIPlugin START] Reloading Section: "pre-stage/EntryTypeRegistryImpl/"
[16:55:41] [main/TRACE] [REI] [REIPlugin START] Reloading Section: "pre-stage/EntryTypeRegistryImpl/" done in 192.1 μs
[16:55:41] [main/TRACE] [REI] [REIPlugin START] Reloading Section: "pre-stage/EntrySettingsAdapterRegistryImpl/"
[16:55:41] [main/TRACE] [REI] [REIPlugin START] Reloading Section: "pre-stage/EntrySettingsAdapterRegistryImpl/" done in 57.28 μs
[16:55:41] [main/TRACE] [REI] [REIPlugin START] Reloading Section: "pre-stage/RecipeManagerContextImpl/"
[16:55:41] [main/TRACE] [REI] [REIPlugin START] Reloading Section: "pre-stage/RecipeManagerContextImpl/" done in 36.88 μs
[16:55:41] [main/TRACE] [REI] [REIPlugin START] Reloading Section: "pre-stage/ItemComparatorRegistryImpl/"
[16:55:41] [main/TRACE] [REI] [REIPlugin START] Reloading Section: "pre-stage/ItemComparatorRegistryImpl/" done in 40.90 μs
[16:55:41] [main/TRACE] [REI] [REIPlugin START] Reloading Section: "pre-stage/FluidComparatorRegistryImpl/"
[16:55:41] [main/TRACE] [REI] [REIPlugin START] Reloading Section: "pre-stage/FluidComparatorRegistryImpl/" done in 32.91 μs
[16:55:41] [main/TRACE] [REI] [REIPlugin START] Reloading Section: "pre-stage/DisplaySerializerRegistryImpl/"
[16:55:41] [main/TRACE] [REI] [REIPlugin START] Reloading Section: "pre-stage/DisplaySerializerRegistryImpl/" done in 59.26 μs
[16:55:41] [main/TRACE] [REI] [REIPlugin START] Reloading Section: "pre-stage/FluidSupportProviderImpl/"
[16:55:41] [main/TRACE] [REI] [REIPlugin START] Reloading Section: "pre-stage/FluidSupportProviderImpl/" done in 41.37 μs
[16:55:41] [main/TRACE] [REI] [REIPlugin START] Reloading Section: "pre-stage/" done in 1.174 ms
[16:55:41] [main/DEBUG] [REI] ========================================
[16:55:41] [main/DEBUG] [REI] REIPlugin finished pre-reload for START in 17.91 ms.
[16:55:41] [main/DEBUG] [REI] ========================================
[16:55:41] [main/DEBUG] [REI] ========================================
[16:55:41] [main/DEBUG] [REI] REIServerPlugin starting pre-reload for START.
[16:55:41] [main/DEBUG] [REI] Reloadables (2):
[16:55:41] [main/DEBUG] [REI]  - MenuInfoRegistryImpl
[16:55:41] [main/DEBUG] [REI]  - SlotAccessorRegistryImpl
[16:55:41] [main/DEBUG] [REI] Plugins (3):
[16:55:41] [main/DEBUG] [REI]  - (-100.00) DefaultPlugin of DefaultPlugin [roughlyenoughitems]
[16:55:41] [main/DEBUG] [REI]  - (0.00) FabricFluidAPISupportPlugin
[16:55:41] [main/DEBUG] [REI]  - (0.00) DefaultRuntimePlugin of DefaultRuntimePlugin [roughlyenoughitems]
[16:55:41] [main/DEBUG] [REI] ========================================
[16:55:41] [main/TRACE] [REI] [REIServerPlugin START] Reloading Section: "pre-register/"
[16:55:41] [main/TRACE] [REI] [REIServerPlugin START] Reloading Section: "pre-register/DefaultPlugin of DefaultPlugin [roughlyenoughitems]/"
[16:55:41] [main/TRACE] [REI] [REIServerPlugin START] Reloading Section: "pre-register/DefaultPlugin of DefaultPlugin [roughlyenoughitems]/" done in 54.02 μs
[16:55:41] [main/TRACE] [REI] [REIServerPlugin START] Reloading Section: "pre-register/FabricFluidAPISupportPlugin/"
[16:55:41] [main/TRACE] [REI] [REIServerPlugin START] Reloading Section: "pre-register/FabricFluidAPISupportPlugin/" done in 44.59 μs
[16:55:41] [main/TRACE] [REI] [REIServerPlugin START] Reloading Section: "pre-register/DefaultRuntimePlugin of DefaultRuntimePlugin [roughlyenoughitems]/"
[16:55:41] [main/TRACE] [REI] [REIServerPlugin START] Reloading Section: "pre-register/DefaultRuntimePlugin of DefaultRuntimePlugin [roughlyenoughitems]/" done in 44.81 μs
[16:55:41] [main/TRACE] [REI] [REIServerPlugin START] Reloading Section: "pre-register/" done in 438.4 μs
[16:55:41] [main/TRACE] [REI] [REIServerPlugin START] Reloading Section: "pre-stage/"
[16:55:41] [main/TRACE] [REI] [REIServerPlugin START] Reloading Section: "pre-stage/MenuInfoRegistryImpl/"
[16:55:41] [main/TRACE] [REI] [REIServerPlugin START] Reloading Section: "pre-stage/MenuInfoRegistryImpl/" done in 31.08 μs
[16:55:41] [main/TRACE] [REI] [REIServerPlugin START] Reloading Section: "pre-stage/SlotAccessorRegistryImpl/"
[16:55:41] [main/TRACE] [REI] [REIServerPlugin START] Reloading Section: "pre-stage/SlotAccessorRegistryImpl/" done in 29.88 μs
[16:55:41] [main/TRACE] [REI] [REIServerPlugin START] Reloading Section: "pre-stage/" done in 220.1 μs
[16:55:41] [main/DEBUG] [REI] ========================================
[16:55:41] [main/DEBUG] [REI] REIServerPlugin finished pre-reload for START in 786.1 μs.
[16:55:41] [main/DEBUG] [REI] ========================================
[16:55:41] [main/INFO] [REI] OOOOOOOOOOOOOOOOOOOOOOOOOOOOOOOOOOOOOOOO
[16:55:41] [main/INFO] [REI] REIPlugin starting main-reload for START.
[16:55:41] [main/DEBUG] [REI] Reloadables (7):
[16:55:41] [main/DEBUG] [REI]  - EntryTypeRegistryImpl
[16:55:41] [main/DEBUG] [REI]  - EntrySettingsAdapterRegistryImpl
[16:55:41] [main/DEBUG] [REI]  - RecipeManagerContextImpl
[16:55:41] [main/DEBUG] [REI]  - ItemComparatorRegistryImpl
[16:55:41] [main/DEBUG] [REI]  - FluidComparatorRegistryImpl
[16:55:41] [main/DEBUG] [REI]  - DisplaySerializerRegistryImpl
[16:55:41] [main/DEBUG] [REI]  - FluidSupportProviderImpl
[16:55:41] [main/INFO] [REI] Plugins (3):
[16:55:41] [main/INFO] [REI]  - (-100.00) DefaultPlugin of DefaultPlugin [roughlyenoughitems]
[16:55:41] [main/INFO] [REI]  - (0.00) FabricFluidAPISupportPlugin
[16:55:41] [main/INFO] [REI]  - (0.00) DefaultRuntimePlugin of DefaultRuntimePlugin [roughlyenoughitems]
[16:55:41] [main/INFO] [REI] OOOOOOOOOOOOOOOOOOOOOOOOOOOOOOOOOOOOOOOO
[16:55:41] [main/TRACE] [REI] [REIPlugin START] Reloading Section: "start-reload/"
[16:55:41] [main/TRACE] [REI] [REIPlugin START] Reloading Section: "start-reload/EntryTypeRegistryImpl/"
[16:55:41] [main/TRACE] [REI] [REIPlugin START] Reloading Section: "start-reload/EntryTypeRegistryImpl/" done in 77.53 μs
[16:55:41] [main/TRACE] [REI] [REIPlugin START] Reloading Section: "start-reload/EntrySettingsAdapterRegistryImpl/"
[16:55:41] [main/TRACE] [REI] [REIPlugin START] Reloading Section: "start-reload/EntrySettingsAdapterRegistryImpl/" done in 40.45 μs
[16:55:41] [main/TRACE] [REI] [REIPlugin START] Reloading Section: "start-reload/RecipeManagerContextImpl/"
[16:55:41] [main/TRACE] [REI] [REIPlugin START] Reloading Section: "start-reload/RecipeManagerContextImpl/" done in 37.22 μs
[16:55:41] [main/TRACE] [REI] [REIPlugin START] Reloading Section: "start-reload/ItemComparatorRegistryImpl/"
[16:55:41] [main/TRACE] [REI] [REIPlugin START] Reloading Section: "start-reload/ItemComparatorRegistryImpl/" done in 59.09 μs
[16:55:41] [main/TRACE] [REI] [REIPlugin START] Reloading Section: "start-reload/FluidComparatorRegistryImpl/"
[16:55:41] [main/TRACE] [REI] [REIPlugin START] Reloading Section: "start-reload/FluidComparatorRegistryImpl/" done in 36.22 μs
[16:55:41] [main/TRACE] [REI] [REIPlugin START] Reloading Section: "start-reload/DisplaySerializerRegistryImpl/"
[16:55:41] [main/TRACE] [REI] [REIPlugin START] Reloading Section: "start-reload/DisplaySerializerRegistryImpl/" done in 33.14 μs
[16:55:41] [main/TRACE] [REI] [REIPlugin START] Reloading Section: "start-reload/FluidSupportProviderImpl/"
[16:55:41] [main/TRACE] [REI] [REIPlugin START] Reloading Section: "start-reload/FluidSupportProviderImpl/" done in 40.67 μs
[16:55:41] [main/TRACE] [REI] [REIPlugin START] Reloading Section: "start-reload/" done in 935.4 μs
[16:55:41] [main/DEBUG] [REI] ========================================
[16:55:41] [main/DEBUG] [REI] REIPlugin started main-reload for START.
[16:55:41] [main/DEBUG] [REI] ========================================
[16:55:41] [main/TRACE] [REI] [REIPlugin START] Reloading Section: "reloadable-plugin/EntryTypeRegistryImpl/"
[16:55:41] [main/TRACE] [REI] [REIPlugin START] Reloading Section: "reloadable-plugin/EntryTypeRegistryImpl/DefaultPlugin of DefaultPlugin [roughlyenoughitems]/"
[16:55:41] [main/TRACE] [REI] [REIPlugin START] Reloading Section: "reloadable-plugin/EntryTypeRegistryImpl/DefaultPlugin of DefaultPlugin [roughlyenoughitems]/" done in 239.1 μs
[16:55:41] [main/TRACE] [REI] [REIPlugin START] Reloading Section: "reloadable-plugin/EntryTypeRegistryImpl/FabricFluidAPISupportPlugin/"
[16:55:41] [main/TRACE] [REI] [REIPlugin START] Reloading Section: "reloadable-plugin/EntryTypeRegistryImpl/FabricFluidAPISupportPlugin/" done in 79.57 μs
[16:55:41] [main/TRACE] [REI] [REIPlugin START] Reloading Section: "reloadable-plugin/EntryTypeRegistryImpl/DefaultRuntimePlugin of DefaultRuntimePlugin [roughlyenoughitems]/"
[16:55:41] [main/TRACE] [REI] [REIPlugin START] Reloading Section: "reloadable-plugin/EntryTypeRegistryImpl/DefaultRuntimePlugin of DefaultRuntimePlugin [roughlyenoughitems]/" done in 9.466 ms
[16:55:41] [main/TRACE] [REI] [REIPlugin START] Reloading Section: "reloadable-plugin/EntryTypeRegistryImpl/" done in 10.81 ms
[16:55:41] [main/TRACE] [REI] [REIPlugin START] Reloading Section: "reloadable-plugin/EntrySettingsAdapterRegistryImpl/"
[16:55:41] [main/TRACE] [REI] [REIPlugin START] Reloading Section: "reloadable-plugin/EntrySettingsAdapterRegistryImpl/DefaultPlugin of DefaultPlugin [roughlyenoughitems]/"
[16:55:41] [main/TRACE] [REI] [REIPlugin START] Reloading Section: "reloadable-plugin/EntrySettingsAdapterRegistryImpl/DefaultPlugin of DefaultPlugin [roughlyenoughitems]/" done in 54.46 μs
[16:55:41] [main/TRACE] [REI] [REIPlugin START] Reloading Section: "reloadable-plugin/EntrySettingsAdapterRegistryImpl/FabricFluidAPISupportPlugin/"
[16:55:41] [main/TRACE] [REI] [REIPlugin START] Reloading Section: "reloadable-plugin/EntrySettingsAdapterRegistryImpl/FabricFluidAPISupportPlugin/" done in 37.44 μs
[16:55:41] [main/TRACE] [REI] [REIPlugin START] Reloading Section: "reloadable-plugin/EntrySettingsAdapterRegistryImpl/DefaultRuntimePlugin of DefaultRuntimePlugin [roughlyenoughitems]/"
[16:55:41] [main/TRACE] [REI] [REIPlugin START] Reloading Section: "reloadable-plugin/EntrySettingsAdapterRegistryImpl/DefaultRuntimePlugin of DefaultRuntimePlugin [roughlyenoughitems]/" done in 38.91 μs
[16:55:41] [main/TRACE] [REI] [REIPlugin START] Reloading Section: "reloadable-plugin/EntrySettingsAdapterRegistryImpl/" done in 476.1 μs
[16:55:41] [main/TRACE] [REI] [REIPlugin START] Reloading Section: "reloadable-plugin/RecipeManagerContextImpl/"
[16:55:41] [main/TRACE] [REI] [REIPlugin START] Reloading Section: "reloadable-plugin/RecipeManagerContextImpl/DefaultPlugin of DefaultPlugin [roughlyenoughitems]/"
[16:55:41] [main/TRACE] [REI] [REIPlugin START] Reloading Section: "reloadable-plugin/RecipeManagerContextImpl/DefaultPlugin of DefaultPlugin [roughlyenoughitems]/" done in 60.05 μs
[16:55:41] [main/TRACE] [REI] [REIPlugin START] Reloading Section: "reloadable-plugin/RecipeManagerContextImpl/FabricFluidAPISupportPlugin/"
[16:55:41] [main/TRACE] [REI] [REIPlugin START] Reloading Section: "reloadable-plugin/RecipeManagerContextImpl/FabricFluidAPISupportPlugin/" done in 40.70 μs
[16:55:41] [main/TRACE] [REI] [REIPlugin START] Reloading Section: "reloadable-plugin/RecipeManagerContextImpl/DefaultRuntimePlugin of DefaultRuntimePlugin [roughlyenoughitems]/"
[16:55:41] [main/TRACE] [REI] [REIPlugin START] Reloading Section: "reloadable-plugin/RecipeManagerContextImpl/DefaultRuntimePlugin of DefaultRuntimePlugin [roughlyenoughitems]/" done in 59.16 μs
[16:55:41] [main/TRACE] [REI] [REIPlugin START] Reloading Section: "reloadable-plugin/RecipeManagerContextImpl/" done in 549.2 μs
[16:55:41] [main/TRACE] [REI] [REIPlugin START] Reloading Section: "reloadable-plugin/ItemComparatorRegistryImpl/"
[16:55:41] [main/TRACE] [REI] [REIPlugin START] Reloading Section: "reloadable-plugin/ItemComparatorRegistryImpl/DefaultPlugin of DefaultPlugin [roughlyenoughitems]/"
[16:55:41] [main/TRACE] [REI] [REIPlugin START] Reloading Section: "reloadable-plugin/ItemComparatorRegistryImpl/DefaultPlugin of DefaultPlugin [roughlyenoughitems]/" done in 863.1 μs
[16:55:41] [main/TRACE] [REI] [REIPlugin START] Reloading Section: "reloadable-plugin/ItemComparatorRegistryImpl/FabricFluidAPISupportPlugin/"
[16:55:41] [main/TRACE] [REI] [REIPlugin START] Reloading Section: "reloadable-plugin/ItemComparatorRegistryImpl/FabricFluidAPISupportPlugin/" done in 36.12 μs
[16:55:41] [main/TRACE] [REI] [REIPlugin START] Reloading Section: "reloadable-plugin/ItemComparatorRegistryImpl/DefaultRuntimePlugin of DefaultRuntimePlugin [roughlyenoughitems]/"
[16:55:41] [main/TRACE] [REI] [REIPlugin START] Reloading Section: "reloadable-plugin/ItemComparatorRegistryImpl/DefaultRuntimePlugin of DefaultRuntimePlugin [roughlyenoughitems]/" done in 26.31 μs
[16:55:41] [main/TRACE] [REI] [REIPlugin START] Reloading Section: "reloadable-plugin/ItemComparatorRegistryImpl/" done in 1.163 ms
[16:55:41] [main/TRACE] [REI] [REIPlugin START] Reloading Section: "reloadable-plugin/FluidComparatorRegistryImpl/"
[16:55:41] [main/TRACE] [REI] [REIPlugin START] Reloading Section: "reloadable-plugin/FluidComparatorRegistryImpl/DefaultPlugin of DefaultPlugin [roughlyenoughitems]/"
[16:55:41] [main/TRACE] [REI] [REIPlugin START] Reloading Section: "reloadable-plugin/FluidComparatorRegistryImpl/DefaultPlugin of DefaultPlugin [roughlyenoughitems]/" done in 37.62 μs
[16:55:41] [main/TRACE] [REI] [REIPlugin START] Reloading Section: "reloadable-plugin/FluidComparatorRegistryImpl/FabricFluidAPISupportPlugin/"
[16:55:41] [main/TRACE] [REI] [REIPlugin START] Reloading Section: "reloadable-plugin/FluidComparatorRegistryImpl/FabricFluidAPISupportPlugin/" done in 25.71 μs
[16:55:41] [main/TRACE] [REI] [REIPlugin START] Reloading Section: "reloadable-plugin/FluidComparatorRegistryImpl/DefaultRuntimePlugin of DefaultRuntimePlugin [roughlyenoughitems]/"
[16:55:41] [main/TRACE] [REI] [REIPlugin START] Reloading Section: "reloadable-plugin/FluidComparatorRegistryImpl/DefaultRuntimePlugin of DefaultRuntimePlugin [roughlyenoughitems]/" done in 24.55 μs
[16:55:41] [main/TRACE] [REI] [REIPlugin START] Reloading Section: "reloadable-plugin/FluidComparatorRegistryImpl/" done in 308.7 μs
[16:55:41] [main/TRACE] [REI] [REIPlugin START] Reloading Section: "reloadable-plugin/DisplaySerializerRegistryImpl/"
[16:55:41] [main/TRACE] [REI] [REIPlugin START] Reloading Section: "reloadable-plugin/DisplaySerializerRegistryImpl/DefaultPlugin of DefaultPlugin [roughlyenoughitems]/"
[16:55:41] [main/TRACE] [REI] [REIPlugin START] Reloading Section: "reloadable-plugin/DisplaySerializerRegistryImpl/DefaultPlugin of DefaultPlugin [roughlyenoughitems]/" done in 39.31 μs
[16:55:41] [main/TRACE] [REI] [REIPlugin START] Reloading Section: "reloadable-plugin/DisplaySerializerRegistryImpl/FabricFluidAPISupportPlugin/"
[16:55:41] [main/TRACE] [REI] [REIPlugin START] Reloading Section: "reloadable-plugin/DisplaySerializerRegistryImpl/FabricFluidAPISupportPlugin/" done in 37.69 μs
[16:55:41] [main/TRACE] [REI] [REIPlugin START] Reloading Section: "reloadable-plugin/DisplaySerializerRegistryImpl/DefaultRuntimePlugin of DefaultRuntimePlugin [roughlyenoughitems]/"
[16:55:41] [main/TRACE] [REI] [REIPlugin START] Reloading Section: "reloadable-plugin/DisplaySerializerRegistryImpl/DefaultRuntimePlugin of DefaultRuntimePlugin [roughlyenoughitems]/" done in 41.40 μs
[16:55:41] [main/TRACE] [REI] [REIPlugin START] Reloading Section: "reloadable-plugin/DisplaySerializerRegistryImpl/" done in 440.6 μs
[16:55:41] [main/TRACE] [REI] [REIPlugin START] Reloading Section: "reloadable-plugin/FluidSupportProviderImpl/"
[16:55:41] [main/TRACE] [REI] [REIPlugin START] Reloading Section: "reloadable-plugin/FluidSupportProviderImpl/DefaultPlugin of DefaultPlugin [roughlyenoughitems]/"
[16:55:41] [main/TRACE] [REI] [REIPlugin START] Reloading Section: "reloadable-plugin/FluidSupportProviderImpl/DefaultPlugin of DefaultPlugin [roughlyenoughitems]/" done in 378.3 μs
[16:55:41] [main/TRACE] [REI] [REIPlugin START] Reloading Section: "reloadable-plugin/FluidSupportProviderImpl/FabricFluidAPISupportPlugin/"
[16:55:41] [main/TRACE] [REI] [REIPlugin START] Reloading Section: "reloadable-plugin/FluidSupportProviderImpl/FabricFluidAPISupportPlugin/" done in 229.9 μs
[16:55:41] [main/TRACE] [REI] [REIPlugin START] Reloading Section: "reloadable-plugin/FluidSupportProviderImpl/DefaultRuntimePlugin of DefaultRuntimePlugin [roughlyenoughitems]/"
[16:55:41] [main/TRACE] [REI] [REIPlugin START] Reloading Section: "reloadable-plugin/FluidSupportProviderImpl/DefaultRuntimePlugin of DefaultRuntimePlugin [roughlyenoughitems]/" done in 51.84 μs
[16:55:41] [main/TRACE] [REI] [REIPlugin START] Reloading Section: "reloadable-plugin/FluidSupportProviderImpl/" done in 1.051 ms
[16:55:41] [main/DEBUG] [REI] ========================================
[16:55:41] [main/DEBUG] [REI] REIPlugin ending main-reload for START.
[16:55:41] [main/DEBUG] [REI] ========================================
[16:55:41] [main/TRACE] [REI] [REIPlugin START] Reloading Section: "end-reload/"
[16:55:41] [main/TRACE] [REI] [REIPlugin START] Reloading Section: "end-reload/EntryTypeRegistryImpl/"
[16:55:41] [main/TRACE] [REI] [REIPlugin START] Reloading Section: "end-reload/EntryTypeRegistryImpl/" done in 60.01 μs
[16:55:41] [main/TRACE] [REI] [REIPlugin START] Reloading Section: "end-reload/EntrySettingsAdapterRegistryImpl/"
[16:55:41] [main/TRACE] [REI] [REIPlugin START] Reloading Section: "end-reload/EntrySettingsAdapterRegistryImpl/" done in 39.10 μs
[16:55:41] [main/TRACE] [REI] [REIPlugin START] Reloading Section: "end-reload/RecipeManagerContextImpl/"
[16:55:41] [main/TRACE] [REI] [REIPlugin START] Reloading Section: "end-reload/RecipeManagerContextImpl/" done in 40.73 μs
[16:55:41] [main/TRACE] [REI] [REIPlugin START] Reloading Section: "end-reload/ItemComparatorRegistryImpl/"
[16:55:41] [main/TRACE] [REI] [REIPlugin START] Reloading Section: "end-reload/ItemComparatorRegistryImpl/" done in 39.39 μs
[16:55:41] [main/TRACE] [REI] [REIPlugin START] Reloading Section: "end-reload/FluidComparatorRegistryImpl/"
[16:55:41] [main/TRACE] [REI] [REIPlugin START] Reloading Section: "end-reload/FluidComparatorRegistryImpl/" done in 44.23 μs
[16:55:41] [main/TRACE] [REI] [REIPlugin START] Reloading Section: "end-reload/DisplaySerializerRegistryImpl/"
[16:55:41] [main/TRACE] [REI] [REIPlugin START] Reloading Section: "end-reload/DisplaySerializerRegistryImpl/" done in 35.98 μs
[16:55:41] [main/TRACE] [REI] [REIPlugin START] Reloading Section: "end-reload/FluidSupportProviderImpl/"
[16:55:41] [main/TRACE] [REI] [REIPlugin START] Reloading Section: "end-reload/FluidSupportProviderImpl/" done in 33.89 μs
[16:55:41] [main/TRACE] [REI] [REIPlugin START] Reloading Section: "end-reload/" done in 1.007 ms
[16:55:41] [main/DEBUG] [REI] ========================================
[16:55:41] [main/DEBUG] [REI] REIPlugin ended main-reload for START in 18.90 ms.
[16:55:41] [main/DEBUG] [REI] ========================================
[16:55:41] [main/INFO] [REI] %%%%%%%%%%%%%%%%%%%%%%%%%%%%%%%%%%%%%%%%
[16:55:41] [main/INFO] [REI] REIServerPlugin starting main-reload for START.
[16:55:41] [main/DEBUG] [REI] Reloadables (2):
[16:55:41] [main/DEBUG] [REI]  - MenuInfoRegistryImpl
[16:55:41] [main/DEBUG] [REI]  - SlotAccessorRegistryImpl
[16:55:41] [main/INFO] [REI] Plugins (3):
[16:55:41] [main/INFO] [REI]  - (-100.00) DefaultPlugin of DefaultPlugin [roughlyenoughitems]
[16:55:41] [main/INFO] [REI]  - (0.00) FabricFluidAPISupportPlugin
[16:55:41] [main/INFO] [REI]  - (0.00) DefaultRuntimePlugin of DefaultRuntimePlugin [roughlyenoughitems]
[16:55:41] [main/INFO] [REI] %%%%%%%%%%%%%%%%%%%%%%%%%%%%%%%%%%%%%%%%
[16:55:41] [main/TRACE] [REI] [REIServerPlugin START] Reloading Section: "start-reload/"
[16:55:41] [main/TRACE] [REI] [REIServerPlugin START] Reloading Section: "start-reload/MenuInfoRegistryImpl/"
[16:55:41] [main/TRACE] [REI] [REIServerPlugin START] Reloading Section: "start-reload/MenuInfoRegistryImpl/" done in 42.40 μs
[16:55:41] [main/TRACE] [REI] [REIServerPlugin START] Reloading Section: "start-reload/SlotAccessorRegistryImpl/"
[16:55:41] [main/TRACE] [REI] [REIServerPlugin START] Reloading Section: "start-reload/SlotAccessorRegistryImpl/" done in 45.54 μs
[16:55:41] [main/TRACE] [REI] [REIServerPlugin START] Reloading Section: "start-reload/" done in 360.3 μs
[16:55:41] [main/DEBUG] [REI] ========================================
[16:55:41] [main/DEBUG] [REI] REIServerPlugin started main-reload for START.
[16:55:41] [main/DEBUG] [REI] ========================================
[16:55:41] [main/TRACE] [REI] [REIServerPlugin START] Reloading Section: "reloadable-plugin/MenuInfoRegistryImpl/"
[16:55:41] [main/TRACE] [REI] [REIServerPlugin START] Reloading Section: "reloadable-plugin/MenuInfoRegistryImpl/DefaultPlugin of DefaultPlugin [roughlyenoughitems]/"
[16:55:41] [main/TRACE] [REI] [REIServerPlugin START] Reloading Section: "reloadable-plugin/MenuInfoRegistryImpl/DefaultPlugin of DefaultPlugin [roughlyenoughitems]/" done in 44.44 μs
[16:55:41] [main/TRACE] [REI] [REIServerPlugin START] Reloading Section: "reloadable-plugin/MenuInfoRegistryImpl/FabricFluidAPISupportPlugin/"
[16:55:41] [main/TRACE] [REI] [REIServerPlugin START] Reloading Section: "reloadable-plugin/MenuInfoRegistryImpl/FabricFluidAPISupportPlugin/" done in 40.89 μs
[16:55:41] [main/TRACE] [REI] [REIServerPlugin START] Reloading Section: "reloadable-plugin/MenuInfoRegistryImpl/DefaultRuntimePlugin of DefaultRuntimePlugin [roughlyenoughitems]/"
[16:55:41] [main/TRACE] [REI] [REIServerPlugin START] Reloading Section: "reloadable-plugin/MenuInfoRegistryImpl/DefaultRuntimePlugin of DefaultRuntimePlugin [roughlyenoughitems]/" done in 58.92 μs
[16:55:41] [main/TRACE] [REI] [REIServerPlugin START] Reloading Section: "reloadable-plugin/MenuInfoRegistryImpl/" done in 494.5 μs
[16:55:41] [main/TRACE] [REI] [REIServerPlugin START] Reloading Section: "reloadable-plugin/SlotAccessorRegistryImpl/"
[16:55:41] [main/TRACE] [REI] [REIServerPlugin START] Reloading Section: "reloadable-plugin/SlotAccessorRegistryImpl/DefaultPlugin of DefaultPlugin [roughlyenoughitems]/"
[16:55:41] [main/TRACE] [REI] [REIServerPlugin START] Reloading Section: "reloadable-plugin/SlotAccessorRegistryImpl/DefaultPlugin of DefaultPlugin [roughlyenoughitems]/" done in 44.70 μs
[16:55:41] [main/TRACE] [REI] [REIServerPlugin START] Reloading Section: "reloadable-plugin/SlotAccessorRegistryImpl/FabricFluidAPISupportPlugin/"
[16:55:41] [main/TRACE] [REI] [REIServerPlugin START] Reloading Section: "reloadable-plugin/SlotAccessorRegistryImpl/FabricFluidAPISupportPlugin/" done in 49.70 μs
[16:55:41] [main/TRACE] [REI] [REIServerPlugin START] Reloading Section: "reloadable-plugin/SlotAccessorRegistryImpl/DefaultRuntimePlugin of DefaultRuntimePlugin [roughlyenoughitems]/"
[16:55:41] [main/TRACE] [REI] [REIServerPlugin START] Reloading Section: "reloadable-plugin/SlotAccessorRegistryImpl/DefaultRuntimePlugin of DefaultRuntimePlugin [roughlyenoughitems]/" done in 70.60 μs
[16:55:41] [main/TRACE] [REI] [REIServerPlugin START] Reloading Section: "reloadable-plugin/SlotAccessorRegistryImpl/" done in 545.6 μs
[16:55:41] [main/DEBUG] [REI] ========================================
[16:55:41] [main/DEBUG] [REI] REIServerPlugin ending main-reload for START.
[16:55:41] [main/DEBUG] [REI] ========================================
[16:55:41] [main/TRACE] [REI] [REIServerPlugin START] Reloading Section: "end-reload/"
[16:55:41] [main/TRACE] [REI] [REIServerPlugin START] Reloading Section: "end-reload/MenuInfoRegistryImpl/"
[16:55:41] [main/TRACE] [REI] [REIServerPlugin START] Reloading Section: "end-reload/MenuInfoRegistryImpl/" done in 40.75 μs
[16:55:41] [main/TRACE] [REI] [REIServerPlugin START] Reloading Section: "end-reload/SlotAccessorRegistryImpl/"
[16:55:41] [main/TRACE] [REI] [REIServerPlugin START] Reloading Section: "end-reload/SlotAccessorRegistryImpl/" done in 39.59 μs
[16:55:41] [main/TRACE] [REI] [REIServerPlugin START] Reloading Section: "end-reload/" done in 344.3 μs
[16:55:41] [main/DEBUG] [REI] ========================================
[16:55:41] [main/DEBUG] [REI] REIServerPlugin ended main-reload for START in 3.302 ms.
[16:55:41] [main/DEBUG] [REI] ========================================
[16:55:41] [main/DEBUG] [REI] ========================================
[16:55:41] [main/DEBUG] [REI] REIPlugin starting post-reload for START.
[16:55:41] [main/DEBUG] [REI] Reloadables (7):
[16:55:41] [main/DEBUG] [REI]  - EntryTypeRegistryImpl
[16:55:41] [main/DEBUG] [REI]  - EntrySettingsAdapterRegistryImpl
[16:55:41] [main/DEBUG] [REI]  - RecipeManagerContextImpl
[16:55:41] [main/DEBUG] [REI]  - ItemComparatorRegistryImpl
[16:55:41] [main/DEBUG] [REI]  - FluidComparatorRegistryImpl
[16:55:41] [main/DEBUG] [REI]  - DisplaySerializerRegistryImpl
[16:55:41] [main/DEBUG] [REI]  - FluidSupportProviderImpl
[16:55:41] [main/DEBUG] [REI] Plugins (3):
[16:55:41] [main/DEBUG] [REI]  - (-100.00) DefaultPlugin of DefaultPlugin [roughlyenoughitems]
[16:55:41] [main/DEBUG] [REI]  - (0.00) FabricFluidAPISupportPlugin
[16:55:41] [main/DEBUG] [REI]  - (0.00) DefaultRuntimePlugin of DefaultRuntimePlugin [roughlyenoughitems]
[16:55:41] [main/DEBUG] [REI] ========================================
[16:55:41] [main/TRACE] [REI] [REIPlugin START] Reloading Section: "post-register/"
[16:55:41] [main/TRACE] [REI] [REIPlugin START] Reloading Section: "post-register/DefaultPlugin of DefaultPlugin [roughlyenoughitems]/"
[16:55:41] [main/TRACE] [REI] [REIPlugin START] Reloading Section: "post-register/DefaultPlugin of DefaultPlugin [roughlyenoughitems]/" done in 213.4 μs
[16:55:41] [main/TRACE] [REI] [REIPlugin START] Reloading Section: "post-register/FabricFluidAPISupportPlugin/"
[16:55:41] [main/TRACE] [REI] [REIPlugin START] Reloading Section: "post-register/FabricFluidAPISupportPlugin/" done in 46.11 μs
[16:55:41] [main/TRACE] [REI] [REIPlugin START] Reloading Section: "post-register/DefaultRuntimePlugin of DefaultRuntimePlugin [roughlyenoughitems]/"
[16:55:41] [main/TRACE] [REI] [REIPlugin START] Reloading Section: "post-register/DefaultRuntimePlugin of DefaultRuntimePlugin [roughlyenoughitems]/" done in 36.00 μs
[16:55:41] [main/TRACE] [REI] [REIPlugin START] Reloading Section: "post-register/" done in 849.3 μs
[16:55:41] [main/TRACE] [REI] [REIPlugin START] Reloading Section: "post-stage/"
[16:55:41] [main/TRACE] [REI] [REIPlugin START] Reloading Section: "post-stage/EntryTypeRegistryImpl/"
[16:55:41] [main/TRACE] [REI] [REIPlugin START] Reloading Section: "post-stage/EntryTypeRegistryImpl/" done in 48.09 μs
[16:55:41] [main/TRACE] [REI] [REIPlugin START] Reloading Section: "post-stage/EntrySettingsAdapterRegistryImpl/"
[16:55:41] [main/TRACE] [REI] [REIPlugin START] Reloading Section: "post-stage/EntrySettingsAdapterRegistryImpl/" done in 30.55 μs
[16:55:41] [main/TRACE] [REI] [REIPlugin START] Reloading Section: "post-stage/RecipeManagerContextImpl/"
[16:55:41] [main/TRACE] [REI] [REIPlugin START] Reloading Section: "post-stage/RecipeManagerContextImpl/" done in 23.10 μs
[16:55:41] [main/TRACE] [REI] [REIPlugin START] Reloading Section: "post-stage/ItemComparatorRegistryImpl/"
[16:55:41] [main/TRACE] [REI] [REIPlugin START] Reloading Section: "post-stage/ItemComparatorRegistryImpl/" done in 40.72 μs
[16:55:41] [main/TRACE] [REI] [REIPlugin START] Reloading Section: "post-stage/FluidComparatorRegistryImpl/"
[16:55:41] [main/TRACE] [REI] [REIPlugin START] Reloading Section: "post-stage/FluidComparatorRegistryImpl/" done in 43.23 μs
[16:55:41] [main/TRACE] [REI] [REIPlugin START] Reloading Section: "post-stage/DisplaySerializerRegistryImpl/"
[16:55:41] [main/TRACE] [REI] [REIPlugin START] Reloading Section: "post-stage/DisplaySerializerRegistryImpl/" done in 26.95 μs
[16:55:41] [main/TRACE] [REI] [REIPlugin START] Reloading Section: "post-stage/FluidSupportProviderImpl/"
[16:55:41] [main/TRACE] [REI] [REIPlugin START] Reloading Section: "post-stage/FluidSupportProviderImpl/" done in 24.03 μs
[16:55:41] [main/TRACE] [REI] [REIPlugin START] Reloading Section: "post-stage/" done in 843.0 μs
[16:55:41] [main/DEBUG] [REI] ========================================
[16:55:41] [main/INFO] [REI] REIPlugin finished post-reload for START in 1.818 ms, totaling 38.58 ms.
[16:55:41] [main/DEBUG] [REI] ========================================
[16:55:41] [main/DEBUG] [REI] ========================================
[16:55:41] [main/DEBUG] [REI] REIServerPlugin starting post-reload for START.
[16:55:41] [main/DEBUG] [REI] Reloadables (2):
[16:55:41] [main/DEBUG] [REI]  - MenuInfoRegistryImpl
[16:55:41] [main/DEBUG] [REI]  - SlotAccessorRegistryImpl
[16:55:41] [main/DEBUG] [REI] Plugins (3):
[16:55:41] [main/DEBUG] [REI]  - (-100.00) DefaultPlugin of DefaultPlugin [roughlyenoughitems]
[16:55:41] [main/DEBUG] [REI]  - (0.00) FabricFluidAPISupportPlugin
[16:55:41] [main/DEBUG] [REI]  - (0.00) DefaultRuntimePlugin of DefaultRuntimePlugin [roughlyenoughitems]
[16:55:41] [main/DEBUG] [REI] ========================================
[16:55:41] [main/TRACE] [REI] [REIServerPlugin START] Reloading Section: "post-register/"
[16:55:41] [main/TRACE] [REI] [REIServerPlugin START] Reloading Section: "post-register/DefaultPlugin of DefaultPlugin [roughlyenoughitems]/"
[16:55:41] [main/TRACE] [REI] [REIServerPlugin START] Reloading Section: "post-register/DefaultPlugin of DefaultPlugin [roughlyenoughitems]/" done in 43.55 μs
[16:55:41] [main/TRACE] [REI] [REIServerPlugin START] Reloading Section: "post-register/FabricFluidAPISupportPlugin/"
[16:55:41] [main/TRACE] [REI] [REIServerPlugin START] Reloading Section: "post-register/FabricFluidAPISupportPlugin/" done in 52.28 μs
[16:55:41] [main/TRACE] [REI] [REIServerPlugin START] Reloading Section: "post-register/DefaultRuntimePlugin of DefaultRuntimePlugin [roughlyenoughitems]/"
[16:55:41] [main/TRACE] [REI] [REIServerPlugin START] Reloading Section: "post-register/DefaultRuntimePlugin of DefaultRuntimePlugin [roughlyenoughitems]/" done in 49.69 μs
[16:55:41] [main/TRACE] [REI] [REIServerPlugin START] Reloading Section: "post-register/" done in 491.2 μs
[16:55:41] [main/TRACE] [REI] [REIServerPlugin START] Reloading Section: "post-stage/"
[16:55:41] [main/TRACE] [REI] [REIServerPlugin START] Reloading Section: "post-stage/MenuInfoRegistryImpl/"
[16:55:41] [main/TRACE] [REI] [REIServerPlugin START] Reloading Section: "post-stage/MenuInfoRegistryImpl/" done in 38.82 μs
[16:55:41] [main/TRACE] [REI] [REIServerPlugin START] Reloading Section: "post-stage/SlotAccessorRegistryImpl/"
[16:55:41] [main/TRACE] [REI] [REIServerPlugin START] Reloading Section: "post-stage/SlotAccessorRegistryImpl/" done in 31.94 μs
[16:55:41] [main/TRACE] [REI] [REIServerPlugin START] Reloading Section: "post-stage/" done in 255.7 μs
[16:55:41] [main/DEBUG] [REI] ========================================
[16:55:41] [main/INFO] [REI] REIServerPlugin finished post-reload for START in 878.2 μs, totaling 4.937 ms.
[16:55:41] [main/DEBUG] [REI] ========================================
[16:55:41] [main/DEBUG] [REI] ========================================
[16:55:41] [main/DEBUG] [REI] REIPlugin starting pre-reload for END.
[16:55:41] [main/DEBUG] [REI] Reloadables (7):
[16:55:41] [main/DEBUG] [REI]  - EntryTypeRegistryImpl
[16:55:41] [main/DEBUG] [REI]  - EntrySettingsAdapterRegistryImpl
[16:55:41] [main/DEBUG] [REI]  - RecipeManagerContextImpl
[16:55:41] [main/DEBUG] [REI]  - ItemComparatorRegistryImpl
[16:55:41] [main/DEBUG] [REI]  - FluidComparatorRegistryImpl
[16:55:41] [main/DEBUG] [REI]  - DisplaySerializerRegistryImpl
[16:55:41] [main/DEBUG] [REI]  - FluidSupportProviderImpl
[16:55:41] [main/DEBUG] [REI] Plugins (3):
[16:55:41] [main/DEBUG] [REI]  - (-100.00) DefaultPlugin of DefaultPlugin [roughlyenoughitems]
[16:55:41] [main/DEBUG] [REI]  - (0.00) FabricFluidAPISupportPlugin
[16:55:41] [main/DEBUG] [REI]  - (0.00) DefaultRuntimePlugin of DefaultRuntimePlugin [roughlyenoughitems]
[16:55:41] [main/DEBUG] [REI] ========================================
[16:55:41] [main/TRACE] [REI] [REIPlugin END] Reloading Section: "pre-register/"
[16:55:41] [main/TRACE] [REI] [REIPlugin END] Reloading Section: "pre-register/DefaultPlugin of DefaultPlugin [roughlyenoughitems]/"
[16:55:41] [main/TRACE] [REI] [REIPlugin END] Reloading Section: "pre-register/DefaultPlugin of DefaultPlugin [roughlyenoughitems]/" done in 31.32 μs
[16:55:41] [main/TRACE] [REI] [REIPlugin END] Reloading Section: "pre-register/FabricFluidAPISupportPlugin/"
[16:55:41] [main/TRACE] [REI] [REIPlugin END] Reloading Section: "pre-register/FabricFluidAPISupportPlugin/" done in 30.92 μs
[16:55:41] [main/TRACE] [REI] [REIPlugin END] Reloading Section: "pre-register/DefaultRuntimePlugin of DefaultRuntimePlugin [roughlyenoughitems]/"
[16:55:41] [main/TRACE] [REI] [REIPlugin END] Reloading Section: "pre-register/DefaultRuntimePlugin of DefaultRuntimePlugin [roughlyenoughitems]/" done in 35.24 μs
[16:55:41] [main/TRACE] [REI] [REIPlugin END] Reloading Section: "pre-register/" done in 318.6 μs
[16:55:41] [main/TRACE] [REI] [REIPlugin END] Reloading Section: "pre-stage/"
[16:55:41] [main/TRACE] [REI] [REIPlugin END] Reloading Section: "pre-stage/EntryTypeRegistryImpl/"
[16:55:41] [main/TRACE] [REI] [REIPlugin END] Reloading Section: "pre-stage/EntryTypeRegistryImpl/" done in 26.65 μs
[16:55:41] [main/TRACE] [REI] [REIPlugin END] Reloading Section: "pre-stage/EntrySettingsAdapterRegistryImpl/"
[16:55:41] [main/TRACE] [REI] [REIPlugin END] Reloading Section: "pre-stage/EntrySettingsAdapterRegistryImpl/" done in 36.62 μs
[16:55:41] [main/TRACE] [REI] [REIPlugin END] Reloading Section: "pre-stage/RecipeManagerContextImpl/"
[16:55:41] [main/TRACE] [REI] [REIPlugin END] Reloading Section: "pre-stage/RecipeManagerContextImpl/" done in 28.07 μs
[16:55:41] [main/TRACE] [REI] [REIPlugin END] Reloading Section: "pre-stage/ItemComparatorRegistryImpl/"
[16:55:41] [main/TRACE] [REI] [REIPlugin END] Reloading Section: "pre-stage/ItemComparatorRegistryImpl/" done in 27.17 μs
[16:55:41] [main/TRACE] [REI] [REIPlugin END] Reloading Section: "pre-stage/FluidComparatorRegistryImpl/"
[16:55:41] [main/TRACE] [REI] [REIPlugin END] Reloading Section: "pre-stage/FluidComparatorRegistryImpl/" done in 55.05 μs
[16:55:41] [main/TRACE] [REI] [REIPlugin END] Reloading Section: "pre-stage/DisplaySerializerRegistryImpl/"
[16:55:41] [main/TRACE] [REI] [REIPlugin END] Reloading Section: "pre-stage/DisplaySerializerRegistryImpl/" done in 27.37 μs
[16:55:41] [main/TRACE] [REI] [REIPlugin END] Reloading Section: "pre-stage/FluidSupportProviderImpl/"
[16:55:41] [main/TRACE] [REI] [REIPlugin END] Reloading Section: "pre-stage/FluidSupportProviderImpl/" done in 58.41 μs
[16:55:41] [main/TRACE] [REI] [REIPlugin END] Reloading Section: "pre-stage/" done in 708.3 μs
[16:55:41] [main/DEBUG] [REI] ========================================
[16:55:41] [main/DEBUG] [REI] REIPlugin finished pre-reload for END in 1.118 ms.
[16:55:41] [main/DEBUG] [REI] ========================================
[16:55:41] [main/DEBUG] [REI] ========================================
[16:55:41] [main/DEBUG] [REI] REIServerPlugin starting pre-reload for END.
[16:55:41] [main/DEBUG] [REI] Reloadables (2):
[16:55:41] [main/DEBUG] [REI]  - MenuInfoRegistryImpl
[16:55:41] [main/DEBUG] [REI]  - SlotAccessorRegistryImpl
[16:55:41] [main/DEBUG] [REI] Plugins (3):
[16:55:41] [main/DEBUG] [REI]  - (-100.00) DefaultPlugin of DefaultPlugin [roughlyenoughitems]
[16:55:41] [main/DEBUG] [REI]  - (0.00) FabricFluidAPISupportPlugin
[16:55:41] [main/DEBUG] [REI]  - (0.00) DefaultRuntimePlugin of DefaultRuntimePlugin [roughlyenoughitems]
[16:55:41] [main/DEBUG] [REI] ========================================
[16:55:41] [main/TRACE] [REI] [REIServerPlugin END] Reloading Section: "pre-register/"
[16:55:41] [main/TRACE] [REI] [REIServerPlugin END] Reloading Section: "pre-register/DefaultPlugin of DefaultPlugin [roughlyenoughitems]/"
[16:55:41] [main/TRACE] [REI] [REIServerPlugin END] Reloading Section: "pre-register/DefaultPlugin of DefaultPlugin [roughlyenoughitems]/" done in 30.85 μs
[16:55:41] [main/TRACE] [REI] [REIServerPlugin END] Reloading Section: "pre-register/FabricFluidAPISupportPlugin/"
[16:55:41] [main/TRACE] [REI] [REIServerPlugin END] Reloading Section: "pre-register/FabricFluidAPISupportPlugin/" done in 35.30 μs
[16:55:41] [main/TRACE] [REI] [REIServerPlugin END] Reloading Section: "pre-register/DefaultRuntimePlugin of DefaultRuntimePlugin [roughlyenoughitems]/"
[16:55:41] [main/TRACE] [REI] [REIServerPlugin END] Reloading Section: "pre-register/DefaultRuntimePlugin of DefaultRuntimePlugin [roughlyenoughitems]/" done in 63.26 μs
[16:55:41] [main/TRACE] [REI] [REIServerPlugin END] Reloading Section: "pre-register/" done in 353.9 μs
[16:55:41] [main/TRACE] [REI] [REIServerPlugin END] Reloading Section: "pre-stage/"
[16:55:41] [main/TRACE] [REI] [REIServerPlugin END] Reloading Section: "pre-stage/MenuInfoRegistryImpl/"
[16:55:41] [main/TRACE] [REI] [REIServerPlugin END] Reloading Section: "pre-stage/MenuInfoRegistryImpl/" done in 33.81 μs
[16:55:41] [main/TRACE] [REI] [REIServerPlugin END] Reloading Section: "pre-stage/SlotAccessorRegistryImpl/"
[16:55:41] [main/TRACE] [REI] [REIServerPlugin END] Reloading Section: "pre-stage/SlotAccessorRegistryImpl/" done in 29.95 μs
[16:55:41] [main/TRACE] [REI] [REIServerPlugin END] Reloading Section: "pre-stage/" done in 205.9 μs
[16:55:41] [main/DEBUG] [REI] ========================================
[16:55:41] [main/DEBUG] [REI] REIServerPlugin finished pre-reload for END in 664.6 μs.
[16:55:41] [main/DEBUG] [REI] ========================================
[16:55:41] [main/INFO] [REI] ----------------------------------------
[16:55:41] [main/INFO] [REI] REIPlugin starting main-reload for END.
[16:55:41] [main/DEBUG] [REI] Reloadables (7):
[16:55:41] [main/DEBUG] [REI]  - EntryTypeRegistryImpl
[16:55:41] [main/DEBUG] [REI]  - EntrySettingsAdapterRegistryImpl
[16:55:41] [main/DEBUG] [REI]  - RecipeManagerContextImpl
[16:55:41] [main/DEBUG] [REI]  - ItemComparatorRegistryImpl
[16:55:41] [main/DEBUG] [REI]  - FluidComparatorRegistryImpl
[16:55:41] [main/DEBUG] [REI]  - DisplaySerializerRegistryImpl
[16:55:41] [main/DEBUG] [REI]  - FluidSupportProviderImpl
[16:55:41] [main/INFO] [REI] Plugins (3):
[16:55:41] [main/INFO] [REI]  - (-100.00) DefaultPlugin of DefaultPlugin [roughlyenoughitems]
[16:55:41] [main/INFO] [REI]  - (0.00) FabricFluidAPISupportPlugin
[16:55:41] [main/INFO] [REI]  - (0.00) DefaultRuntimePlugin of DefaultRuntimePlugin [roughlyenoughitems]
[16:55:41] [main/INFO] [REI] ----------------------------------------
[16:55:41] [main/TRACE] [REI] [REIPlugin END] Reloading Section: "start-reload/"
[16:55:41] [main/TRACE] [REI] [REIPlugin END] Reloading Section: "start-reload/EntryTypeRegistryImpl/"
[16:55:41] [main/TRACE] [REI] [REIPlugin END] Reloading Section: "start-reload/EntryTypeRegistryImpl/" done in 35.01 μs
[16:55:41] [main/TRACE] [REI] [REIPlugin END] Reloading Section: "start-reload/EntrySettingsAdapterRegistryImpl/"
[16:55:41] [main/TRACE] [REI] [REIPlugin END] Reloading Section: "start-reload/EntrySettingsAdapterRegistryImpl/" done in 49.14 μs
[16:55:41] [main/TRACE] [REI] [REIPlugin END] Reloading Section: "start-reload/RecipeManagerContextImpl/"
[16:55:41] [main/TRACE] [REI] [REIPlugin END] Reloading Section: "start-reload/RecipeManagerContextImpl/" done in 52.00 μs
[16:55:41] [main/TRACE] [REI] [REIPlugin END] Reloading Section: "start-reload/ItemComparatorRegistryImpl/"
[16:55:41] [main/TRACE] [REI] [REIPlugin END] Reloading Section: "start-reload/ItemComparatorRegistryImpl/" done in 33.57 μs
[16:55:41] [main/TRACE] [REI] [REIPlugin END] Reloading Section: "start-reload/FluidComparatorRegistryImpl/"
[16:55:41] [main/TRACE] [REI] [REIPlugin END] Reloading Section: "start-reload/FluidComparatorRegistryImpl/" done in 40.85 μs
[16:55:41] [main/TRACE] [REI] [REIPlugin END] Reloading Section: "start-reload/DisplaySerializerRegistryImpl/"
[16:55:41] [main/TRACE] [REI] [REIPlugin END] Reloading Section: "start-reload/DisplaySerializerRegistryImpl/" done in 39.74 μs
[16:55:41] [main/TRACE] [REI] [REIPlugin END] Reloading Section: "start-reload/FluidSupportProviderImpl/"
[16:55:41] [main/TRACE] [REI] [REIPlugin END] Reloading Section: "start-reload/FluidSupportProviderImpl/" done in 32.09 μs
[16:55:41] [main/TRACE] [REI] [REIPlugin END] Reloading Section: "start-reload/" done in 906.6 μs
[16:55:41] [main/DEBUG] [REI] ========================================
[16:55:41] [main/DEBUG] [REI] REIPlugin started main-reload for END.
[16:55:41] [main/DEBUG] [REI] ========================================
[16:55:41] [main/TRACE] [REI] [REIPlugin END] Reloading Section: "reloadable-plugin/EntryTypeRegistryImpl/"
[16:55:41] [main/TRACE] [REI] [REIPlugin END] Reloading Section: "reloadable-plugin/EntryTypeRegistryImpl/DefaultPlugin of DefaultPlugin [roughlyenoughitems]/"
[16:55:41] [main/TRACE] [REI] [REIPlugin END] Reloading Section: "reloadable-plugin/EntryTypeRegistryImpl/DefaultPlugin of DefaultPlugin [roughlyenoughitems]/" done in 37.43 μs
[16:55:41] [main/TRACE] [REI] [REIPlugin END] Reloading Section: "reloadable-plugin/EntryTypeRegistryImpl/FabricFluidAPISupportPlugin/"
[16:55:41] [main/TRACE] [REI] [REIPlugin END] Reloading Section: "reloadable-plugin/EntryTypeRegistryImpl/FabricFluidAPISupportPlugin/" done in 35.25 μs
[16:55:41] [main/TRACE] [REI] [REIPlugin END] Reloading Section: "reloadable-plugin/EntryTypeRegistryImpl/DefaultRuntimePlugin of DefaultRuntimePlugin [roughlyenoughitems]/"
[16:55:41] [main/TRACE] [REI] [REIPlugin END] Reloading Section: "reloadable-plugin/EntryTypeRegistryImpl/DefaultRuntimePlugin of DefaultRuntimePlugin [roughlyenoughitems]/" done in 37.66 μs
[16:55:41] [main/TRACE] [REI] [REIPlugin END] Reloading Section: "reloadable-plugin/EntryTypeRegistryImpl/" done in 344.7 μs
[16:55:41] [main/TRACE] [REI] [REIPlugin END] Reloading Section: "reloadable-plugin/EntrySettingsAdapterRegistryImpl/"
[16:55:41] [main/TRACE] [REI] [REIPlugin END] Reloading Section: "reloadable-plugin/EntrySettingsAdapterRegistryImpl/DefaultPlugin of DefaultPlugin [roughlyenoughitems]/"
[16:55:41] [main/TRACE] [REI] [REIPlugin END] Reloading Section: "reloadable-plugin/EntrySettingsAdapterRegistryImpl/DefaultPlugin of DefaultPlugin [roughlyenoughitems]/" done in 53.89 μs
[16:55:41] [main/TRACE] [REI] [REIPlugin END] Reloading Section: "reloadable-plugin/EntrySettingsAdapterRegistryImpl/FabricFluidAPISupportPlugin/"
[16:55:41] [main/TRACE] [REI] [REIPlugin END] Reloading Section: "reloadable-plugin/EntrySettingsAdapterRegistryImpl/FabricFluidAPISupportPlugin/" done in 46.24 μs
[16:55:41] [main/TRACE] [REI] [REIPlugin END] Reloading Section: "reloadable-plugin/EntrySettingsAdapterRegistryImpl/DefaultRuntimePlugin of DefaultRuntimePlugin [roughlyenoughitems]/"
[16:55:41] [main/TRACE] [REI] [REIPlugin END] Reloading Section: "reloadable-plugin/EntrySettingsAdapterRegistryImpl/DefaultRuntimePlugin of DefaultRuntimePlugin [roughlyenoughitems]/" done in 41.79 μs
[16:55:41] [main/TRACE] [REI] [REIPlugin END] Reloading Section: "reloadable-plugin/EntrySettingsAdapterRegistryImpl/" done in 431.9 μs
[16:55:41] [main/TRACE] [REI] [REIPlugin END] Reloading Section: "reloadable-plugin/RecipeManagerContextImpl/"
[16:55:41] [main/TRACE] [REI] [REIPlugin END] Reloading Section: "reloadable-plugin/RecipeManagerContextImpl/DefaultPlugin of DefaultPlugin [roughlyenoughitems]/"
[16:55:41] [main/TRACE] [REI] [REIPlugin END] Reloading Section: "reloadable-plugin/RecipeManagerContextImpl/DefaultPlugin of DefaultPlugin [roughlyenoughitems]/" done in 44.88 μs
[16:55:41] [main/TRACE] [REI] [REIPlugin END] Reloading Section: "reloadable-plugin/RecipeManagerContextImpl/FabricFluidAPISupportPlugin/"
[16:55:41] [main/TRACE] [REI] [REIPlugin END] Reloading Section: "reloadable-plugin/RecipeManagerContextImpl/FabricFluidAPISupportPlugin/" done in 40.95 μs
[16:55:41] [main/TRACE] [REI] [REIPlugin END] Reloading Section: "reloadable-plugin/RecipeManagerContextImpl/DefaultRuntimePlugin of DefaultRuntimePlugin [roughlyenoughitems]/"
[16:55:41] [main/TRACE] [REI] [REIPlugin END] Reloading Section: "reloadable-plugin/RecipeManagerContextImpl/DefaultRuntimePlugin of DefaultRuntimePlugin [roughlyenoughitems]/" done in 39.56 μs
[16:55:41] [main/TRACE] [REI] [REIPlugin END] Reloading Section: "reloadable-plugin/RecipeManagerContextImpl/" done in 376.8 μs
[16:55:41] [main/TRACE] [REI] [REIPlugin END] Reloading Section: "reloadable-plugin/ItemComparatorRegistryImpl/"
[16:55:41] [main/TRACE] [REI] [REIPlugin END] Reloading Section: "reloadable-plugin/ItemComparatorRegistryImpl/DefaultPlugin of DefaultPlugin [roughlyenoughitems]/"
[16:55:41] [main/TRACE] [REI] [REIPlugin END] Reloading Section: "reloadable-plugin/ItemComparatorRegistryImpl/DefaultPlugin of DefaultPlugin [roughlyenoughitems]/" done in 40.53 μs
[16:55:41] [main/TRACE] [REI] [REIPlugin END] Reloading Section: "reloadable-plugin/ItemComparatorRegistryImpl/FabricFluidAPISupportPlugin/"
[16:55:41] [main/TRACE] [REI] [REIPlugin END] Reloading Section: "reloadable-plugin/ItemComparatorRegistryImpl/FabricFluidAPISupportPlugin/" done in 98.89 μs
[16:55:41] [main/TRACE] [REI] [REIPlugin END] Reloading Section: "reloadable-plugin/ItemComparatorRegistryImpl/DefaultRuntimePlugin of DefaultRuntimePlugin [roughlyenoughitems]/"
[16:55:41] [main/TRACE] [REI] [REIPlugin END] Reloading Section: "reloadable-plugin/ItemComparatorRegistryImpl/DefaultRuntimePlugin of DefaultRuntimePlugin [roughlyenoughitems]/" done in 42.42 μs
[16:55:41] [main/TRACE] [REI] [REIPlugin END] Reloading Section: "reloadable-plugin/ItemComparatorRegistryImpl/" done in 453.4 μs
[16:55:41] [main/TRACE] [REI] [REIPlugin END] Reloading Section: "reloadable-plugin/FluidComparatorRegistryImpl/"
[16:55:41] [main/TRACE] [REI] [REIPlugin END] Reloading Section: "reloadable-plugin/FluidComparatorRegistryImpl/DefaultPlugin of DefaultPlugin [roughlyenoughitems]/"
[16:55:41] [main/TRACE] [REI] [REIPlugin END] Reloading Section: "reloadable-plugin/FluidComparatorRegistryImpl/DefaultPlugin of DefaultPlugin [roughlyenoughitems]/" done in 40.54 μs
[16:55:41] [main/TRACE] [REI] [REIPlugin END] Reloading Section: "reloadable-plugin/FluidComparatorRegistryImpl/FabricFluidAPISupportPlugin/"
[16:55:41] [main/TRACE] [REI] [REIPlugin END] Reloading Section: "reloadable-plugin/FluidComparatorRegistryImpl/FabricFluidAPISupportPlugin/" done in 48.42 μs
[16:55:41] [main/TRACE] [REI] [REIPlugin END] Reloading Section: "reloadable-plugin/FluidComparatorRegistryImpl/DefaultRuntimePlugin of DefaultRuntimePlugin [roughlyenoughitems]/"
[16:55:41] [main/TRACE] [REI] [REIPlugin END] Reloading Section: "reloadable-plugin/FluidComparatorRegistryImpl/DefaultRuntimePlugin of DefaultRuntimePlugin [roughlyenoughitems]/" done in 47.57 μs
[16:55:41] [main/TRACE] [REI] [REIPlugin END] Reloading Section: "reloadable-plugin/FluidComparatorRegistryImpl/" done in 431.5 μs
[16:55:41] [main/TRACE] [REI] [REIPlugin END] Reloading Section: "reloadable-plugin/DisplaySerializerRegistryImpl/"
[16:55:41] [main/TRACE] [REI] [REIPlugin END] Reloading Section: "reloadable-plugin/DisplaySerializerRegistryImpl/DefaultPlugin of DefaultPlugin [roughlyenoughitems]/"
[16:55:41] [main/TRACE] [REI] [REIPlugin END] Reloading Section: "reloadable-plugin/DisplaySerializerRegistryImpl/DefaultPlugin of DefaultPlugin [roughlyenoughitems]/" done in 51.51 ms
[16:55:41] [main/TRACE] [REI] [REIPlugin END] Reloading Section: "reloadable-plugin/DisplaySerializerRegistryImpl/FabricFluidAPISupportPlugin/"
[16:55:41] [main/TRACE] [REI] [REIPlugin END] Reloading Section: "reloadable-plugin/DisplaySerializerRegistryImpl/FabricFluidAPISupportPlugin/" done in 186.2 μs
[16:55:41] [main/TRACE] [REI] [REIPlugin END] Reloading Section: "reloadable-plugin/DisplaySerializerRegistryImpl/DefaultRuntimePlugin of DefaultRuntimePlugin [roughlyenoughitems]/"
[16:55:41] [main/TRACE] [REI] [REIPlugin END] Reloading Section: "reloadable-plugin/DisplaySerializerRegistryImpl/DefaultRuntimePlugin of DefaultRuntimePlugin [roughlyenoughitems]/" done in 60.34 μs
[16:55:41] [main/TRACE] [REI] [REIPlugin END] Reloading Section: "reloadable-plugin/DisplaySerializerRegistryImpl/" done in 52.76 ms
[16:55:41] [main/TRACE] [REI] [REIPlugin END] Reloading Section: "reloadable-plugin/FluidSupportProviderImpl/"
[16:55:41] [main/TRACE] [REI] [REIPlugin END] Reloading Section: "reloadable-plugin/FluidSupportProviderImpl/DefaultPlugin of DefaultPlugin [roughlyenoughitems]/"
[16:55:41] [main/TRACE] [REI] [REIPlugin END] Reloading Section: "reloadable-plugin/FluidSupportProviderImpl/DefaultPlugin of DefaultPlugin [roughlyenoughitems]/" done in 61.52 μs
[16:55:41] [main/TRACE] [REI] [REIPlugin END] Reloading Section: "reloadable-plugin/FluidSupportProviderImpl/FabricFluidAPISupportPlugin/"
[16:55:41] [main/TRACE] [REI] [REIPlugin END] Reloading Section: "reloadable-plugin/FluidSupportProviderImpl/FabricFluidAPISupportPlugin/" done in 51.39 μs
[16:55:41] [main/TRACE] [REI] [REIPlugin END] Reloading Section: "reloadable-plugin/FluidSupportProviderImpl/DefaultRuntimePlugin of DefaultRuntimePlugin [roughlyenoughitems]/"
[16:55:41] [main/TRACE] [REI] [REIPlugin END] Reloading Section: "reloadable-plugin/FluidSupportProviderImpl/DefaultRuntimePlugin of DefaultRuntimePlugin [roughlyenoughitems]/" done in 60.39 μs
[16:55:41] [main/TRACE] [REI] [REIPlugin END] Reloading Section: "reloadable-plugin/FluidSupportProviderImpl/" done in 568.9 μs
[16:55:41] [main/DEBUG] [REI] ========================================
[16:55:41] [main/DEBUG] [REI] REIPlugin ending main-reload for END.
[16:55:41] [main/DEBUG] [REI] ========================================
[16:55:41] [main/TRACE] [REI] [REIPlugin END] Reloading Section: "end-reload/"
[16:55:41] [main/TRACE] [REI] [REIPlugin END] Reloading Section: "end-reload/EntryTypeRegistryImpl/"
[16:55:41] [main/TRACE] [REI] [REIPlugin END] Reloading Section: "end-reload/EntryTypeRegistryImpl/" done in 64.54 μs
[16:55:41] [main/TRACE] [REI] [REIPlugin END] Reloading Section: "end-reload/EntrySettingsAdapterRegistryImpl/"
[16:55:41] [main/TRACE] [REI] [REIPlugin END] Reloading Section: "end-reload/EntrySettingsAdapterRegistryImpl/" done in 50.87 μs
[16:55:41] [main/TRACE] [REI] [REIPlugin END] Reloading Section: "end-reload/RecipeManagerContextImpl/"
[16:55:41] [main/TRACE] [REI] [REIPlugin END] Reloading Section: "end-reload/RecipeManagerContextImpl/" done in 35.83 μs
[16:55:41] [main/TRACE] [REI] [REIPlugin END] Reloading Section: "end-reload/ItemComparatorRegistryImpl/"
[16:55:41] [main/TRACE] [REI] [REIPlugin END] Reloading Section: "end-reload/ItemComparatorRegistryImpl/" done in 35.33 μs
[16:55:41] [main/TRACE] [REI] [REIPlugin END] Reloading Section: "end-reload/FluidComparatorRegistryImpl/"
[16:55:41] [main/TRACE] [REI] [REIPlugin END] Reloading Section: "end-reload/FluidComparatorRegistryImpl/" done in 52.39 μs
[16:55:41] [main/TRACE] [REI] [REIPlugin END] Reloading Section: "end-reload/DisplaySerializerRegistryImpl/"
[16:55:41] [main/TRACE] [REI] [REIPlugin END] Reloading Section: "end-reload/DisplaySerializerRegistryImpl/" done in 45.60 μs
[16:55:41] [main/TRACE] [REI] [REIPlugin END] Reloading Section: "end-reload/FluidSupportProviderImpl/"
[16:55:41] [main/TRACE] [REI] [REIPlugin END] Reloading Section: "end-reload/FluidSupportProviderImpl/" done in 47.40 μs
[16:55:41] [main/TRACE] [REI] [REIPlugin END] Reloading Section: "end-reload/" done in 893.2 μs
[16:55:41] [main/DEBUG] [REI] ========================================
[16:55:41] [main/DEBUG] [REI] REIPlugin ended main-reload for END in 58.90 ms.
[16:55:41] [main/DEBUG] [REI] ========================================
[16:55:41] [main/INFO] [REI] %%%%%%%%%%%%%%%%%%%%%%%%%%%%%%%%%%%%%%%%
[16:55:41] [main/INFO] [REI] REIServerPlugin starting main-reload for END.
[16:55:41] [main/DEBUG] [REI] Reloadables (2):
[16:55:41] [main/DEBUG] [REI]  - MenuInfoRegistryImpl
[16:55:41] [main/DEBUG] [REI]  - SlotAccessorRegistryImpl
[16:55:41] [main/INFO] [REI] Plugins (3):
[16:55:41] [main/INFO] [REI]  - (-100.00) DefaultPlugin of DefaultPlugin [roughlyenoughitems]
[16:55:41] [main/INFO] [REI]  - (0.00) FabricFluidAPISupportPlugin
[16:55:41] [main/INFO] [REI]  - (0.00) DefaultRuntimePlugin of DefaultRuntimePlugin [roughlyenoughitems]
[16:55:41] [main/INFO] [REI] %%%%%%%%%%%%%%%%%%%%%%%%%%%%%%%%%%%%%%%%
[16:55:41] [main/TRACE] [REI] [REIServerPlugin END] Reloading Section: "start-reload/"
[16:55:41] [main/TRACE] [REI] [REIServerPlugin END] Reloading Section: "start-reload/MenuInfoRegistryImpl/"
[16:55:41] [main/TRACE] [REI] [REIServerPlugin END] Reloading Section: "start-reload/MenuInfoRegistryImpl/" done in 50.73 μs
[16:55:41] [main/TRACE] [REI] [REIServerPlugin END] Reloading Section: "start-reload/SlotAccessorRegistryImpl/"
[16:55:41] [main/TRACE] [REI] [REIServerPlugin END] Reloading Section: "start-reload/SlotAccessorRegistryImpl/" done in 56.10 μs
[16:55:41] [main/TRACE] [REI] [REIServerPlugin END] Reloading Section: "start-reload/" done in 290.2 μs
[16:55:41] [main/DEBUG] [REI] ========================================
[16:55:41] [main/DEBUG] [REI] REIServerPlugin started main-reload for END.
[16:55:41] [main/DEBUG] [REI] ========================================
[16:55:41] [main/TRACE] [REI] [REIServerPlugin END] Reloading Section: "reloadable-plugin/MenuInfoRegistryImpl/"
[16:55:41] [main/TRACE] [REI] [REIServerPlugin END] Reloading Section: "reloadable-plugin/MenuInfoRegistryImpl/DefaultPlugin of DefaultPlugin [roughlyenoughitems]/"
[16:55:41] [main/TRACE] [REI] [REIServerPlugin END] Reloading Section: "reloadable-plugin/MenuInfoRegistryImpl/DefaultPlugin of DefaultPlugin [roughlyenoughitems]/" done in 50.34 μs
[16:55:41] [main/TRACE] [REI] [REIServerPlugin END] Reloading Section: "reloadable-plugin/MenuInfoRegistryImpl/FabricFluidAPISupportPlugin/"
[16:55:41] [main/TRACE] [REI] [REIServerPlugin END] Reloading Section: "reloadable-plugin/MenuInfoRegistryImpl/FabricFluidAPISupportPlugin/" done in 32.46 μs
[16:55:41] [main/TRACE] [REI] [REIServerPlugin END] Reloading Section: "reloadable-plugin/MenuInfoRegistryImpl/DefaultRuntimePlugin of DefaultRuntimePlugin [roughlyenoughitems]/"
[16:55:41] [main/TRACE] [REI] [REIServerPlugin END] Reloading Section: "reloadable-plugin/MenuInfoRegistryImpl/DefaultRuntimePlugin of DefaultRuntimePlugin [roughlyenoughitems]/" done in 34.92 μs
[16:55:41] [main/TRACE] [REI] [REIServerPlugin END] Reloading Section: "reloadable-plugin/MenuInfoRegistryImpl/" done in 365.0 μs
[16:55:41] [main/TRACE] [REI] [REIServerPlugin END] Reloading Section: "reloadable-plugin/SlotAccessorRegistryImpl/"
[16:55:41] [main/TRACE] [REI] [REIServerPlugin END] Reloading Section: "reloadable-plugin/SlotAccessorRegistryImpl/DefaultPlugin of DefaultPlugin [roughlyenoughitems]/"
[16:55:41] [main/TRACE] [REI] [REIServerPlugin END] Reloading Section: "reloadable-plugin/SlotAccessorRegistryImpl/DefaultPlugin of DefaultPlugin [roughlyenoughitems]/" done in 41.27 μs
[16:55:41] [main/TRACE] [REI] [REIServerPlugin END] Reloading Section: "reloadable-plugin/SlotAccessorRegistryImpl/FabricFluidAPISupportPlugin/"
[16:55:41] [main/TRACE] [REI] [REIServerPlugin END] Reloading Section: "reloadable-plugin/SlotAccessorRegistryImpl/FabricFluidAPISupportPlugin/" done in 28.28 μs
[16:55:41] [main/TRACE] [REI] [REIServerPlugin END] Reloading Section: "reloadable-plugin/SlotAccessorRegistryImpl/DefaultRuntimePlugin of DefaultRuntimePlugin [roughlyenoughitems]/"
[16:55:41] [main/DEBUG] [REI] Added slot accessor serializer: me.shedaniel.rei.plugin.common.runtime.DefaultRuntimePlugin$1@14d2fcd0 [roughlyenoughitems:vanilla]
[16:55:41] [main/DEBUG] [REI] Added slot accessor serializer: me.shedaniel.rei.plugin.common.runtime.DefaultRuntimePlugin$2@b9c90f3 [roughlyenoughitems:player]
[16:55:41] [main/TRACE] [REI] [REIServerPlugin END] Reloading Section: "reloadable-plugin/SlotAccessorRegistryImpl/DefaultRuntimePlugin of DefaultRuntimePlugin [roughlyenoughitems]/" done in 1.978 ms
[16:55:41] [main/TRACE] [REI] [REIServerPlugin END] Reloading Section: "reloadable-plugin/SlotAccessorRegistryImpl/" done in 2.288 ms
[16:55:41] [main/DEBUG] [REI] ========================================
[16:55:41] [main/DEBUG] [REI] REIServerPlugin ending main-reload for END.
[16:55:41] [main/DEBUG] [REI] ========================================
[16:55:41] [main/TRACE] [REI] [REIServerPlugin END] Reloading Section: "end-reload/"
[16:55:41] [main/TRACE] [REI] [REIServerPlugin END] Reloading Section: "end-reload/MenuInfoRegistryImpl/"
[16:55:41] [main/DEBUG] [REI] Registered 0 menu infos
[16:55:41] [main/TRACE] [REI] [REIServerPlugin END] Reloading Section: "end-reload/MenuInfoRegistryImpl/" done in 157.0 μs
[16:55:41] [main/TRACE] [REI] [REIServerPlugin END] Reloading Section: "end-reload/SlotAccessorRegistryImpl/"
[16:55:41] [main/DEBUG] [REI] Registered 2 slot accessor serializers
[16:55:41] [main/TRACE] [REI] [REIServerPlugin END] Reloading Section: "end-reload/SlotAccessorRegistryImpl/" done in 113.0 μs
[16:55:41] [main/TRACE] [REI] [REIServerPlugin END] Reloading Section: "end-reload/" done in 533.8 μs
[16:55:41] [main/DEBUG] [REI] ========================================
[16:55:41] [main/DEBUG] [REI] REIServerPlugin ended main-reload for END in 5.119 ms.
[16:55:41] [main/DEBUG] [REI] ========================================
[16:55:41] [main/DEBUG] [REI] ========================================
[16:55:41] [main/DEBUG] [REI] REIPlugin starting post-reload for END.
[16:55:41] [main/DEBUG] [REI] Reloadables (7):
[16:55:41] [main/DEBUG] [REI]  - EntryTypeRegistryImpl
[16:55:41] [main/DEBUG] [REI]  - EntrySettingsAdapterRegistryImpl
[16:55:41] [main/DEBUG] [REI]  - RecipeManagerContextImpl
[16:55:41] [main/DEBUG] [REI]  - ItemComparatorRegistryImpl
[16:55:41] [main/DEBUG] [REI]  - FluidComparatorRegistryImpl
[16:55:41] [main/DEBUG] [REI]  - DisplaySerializerRegistryImpl
[16:55:41] [main/DEBUG] [REI]  - FluidSupportProviderImpl
[16:55:41] [main/DEBUG] [REI] Plugins (3):
[16:55:41] [main/DEBUG] [REI]  - (-100.00) DefaultPlugin of DefaultPlugin [roughlyenoughitems]
[16:55:41] [main/DEBUG] [REI]  - (0.00) FabricFluidAPISupportPlugin
[16:55:41] [main/DEBUG] [REI]  - (0.00) DefaultRuntimePlugin of DefaultRuntimePlugin [roughlyenoughitems]
[16:55:41] [main/DEBUG] [REI] ========================================
[16:55:41] [main/TRACE] [REI] [REIPlugin END] Reloading Section: "post-register/"
[16:55:41] [main/TRACE] [REI] [REIPlugin END] Reloading Section: "post-register/DefaultPlugin of DefaultPlugin [roughlyenoughitems]/"
[16:55:41] [main/TRACE] [REI] [REIPlugin END] Reloading Section: "post-register/DefaultPlugin of DefaultPlugin [roughlyenoughitems]/" done in 50.18 μs
[16:55:41] [main/TRACE] [REI] [REIPlugin END] Reloading Section: "post-register/FabricFluidAPISupportPlugin/"
[16:55:41] [main/TRACE] [REI] [REIPlugin END] Reloading Section: "post-register/FabricFluidAPISupportPlugin/" done in 61.09 μs
[16:55:41] [main/TRACE] [REI] [REIPlugin END] Reloading Section: "post-register/DefaultRuntimePlugin of DefaultRuntimePlugin [roughlyenoughitems]/"
[16:55:41] [main/TRACE] [REI] [REIPlugin END] Reloading Section: "post-register/DefaultRuntimePlugin of DefaultRuntimePlugin [roughlyenoughitems]/" done in 68.55 μs
[16:55:41] [main/TRACE] [REI] [REIPlugin END] Reloading Section: "post-register/" done in 605.0 μs
[16:55:41] [main/TRACE] [REI] [REIPlugin END] Reloading Section: "post-stage/"
[16:55:41] [main/TRACE] [REI] [REIPlugin END] Reloading Section: "post-stage/EntryTypeRegistryImpl/"
[16:55:41] [main/TRACE] [REI] [REIPlugin END] Reloading Section: "post-stage/EntryTypeRegistryImpl/" done in 51.85 μs
[16:55:41] [main/TRACE] [REI] [REIPlugin END] Reloading Section: "post-stage/EntrySettingsAdapterRegistryImpl/"
[16:55:41] [main/TRACE] [REI] [REIPlugin END] Reloading Section: "post-stage/EntrySettingsAdapterRegistryImpl/" done in 56.11 μs
[16:55:41] [main/TRACE] [REI] [REIPlugin END] Reloading Section: "post-stage/RecipeManagerContextImpl/"
[16:55:41] [main/TRACE] [REI] [REIPlugin END] Reloading Section: "post-stage/RecipeManagerContextImpl/" done in 34.18 μs
[16:55:41] [main/TRACE] [REI] [REIPlugin END] Reloading Section: "post-stage/ItemComparatorRegistryImpl/"
[16:55:41] [main/TRACE] [REI] [REIPlugin END] Reloading Section: "post-stage/ItemComparatorRegistryImpl/" done in 56.06 μs
[16:55:41] [main/TRACE] [REI] [REIPlugin END] Reloading Section: "post-stage/FluidComparatorRegistryImpl/"
[16:55:41] [main/TRACE] [REI] [REIPlugin END] Reloading Section: "post-stage/FluidComparatorRegistryImpl/" done in 57.58 μs
[16:55:41] [main/TRACE] [REI] [REIPlugin END] Reloading Section: "post-stage/DisplaySerializerRegistryImpl/"
[16:55:41] [main/TRACE] [REI] [REIPlugin END] Reloading Section: "post-stage/DisplaySerializerRegistryImpl/" done in 57.65 μs
[16:55:41] [main/TRACE] [REI] [REIPlugin END] Reloading Section: "post-stage/FluidSupportProviderImpl/"
[16:55:41] [main/TRACE] [REI] [REIPlugin END] Reloading Section: "post-stage/FluidSupportProviderImpl/" done in 58.57 μs
[16:55:41] [main/TRACE] [REI] [REIPlugin END] Reloading Section: "post-stage/" done in 1.090 ms
[16:55:41] [main/DEBUG] [REI] ========================================
[16:55:41] [main/INFO] [REI] REIPlugin finished post-reload for END in 1.906 ms, totaling 61.89 ms.
[16:55:41] [main/DEBUG] [REI] ========================================
[16:55:41] [main/DEBUG] [REI] ========================================
[16:55:41] [main/DEBUG] [REI] REIServerPlugin starting post-reload for END.
[16:55:41] [main/DEBUG] [REI] Reloadables (2):
[16:55:41] [main/DEBUG] [REI]  - MenuInfoRegistryImpl
[16:55:41] [main/DEBUG] [REI]  - SlotAccessorRegistryImpl
[16:55:41] [main/DEBUG] [REI] Plugins (3):
[16:55:41] [main/DEBUG] [REI]  - (-100.00) DefaultPlugin of DefaultPlugin [roughlyenoughitems]
[16:55:41] [main/DEBUG] [REI]  - (0.00) FabricFluidAPISupportPlugin
[16:55:41] [main/DEBUG] [REI]  - (0.00) DefaultRuntimePlugin of DefaultRuntimePlugin [roughlyenoughitems]
[16:55:41] [main/DEBUG] [REI] ========================================
[16:55:41] [main/TRACE] [REI] [REIServerPlugin END] Reloading Section: "post-register/"
[16:55:41] [main/TRACE] [REI] [REIServerPlugin END] Reloading Section: "post-register/DefaultPlugin of DefaultPlugin [roughlyenoughitems]/"
[16:55:41] [main/TRACE] [REI] [REIServerPlugin END] Reloading Section: "post-register/DefaultPlugin of DefaultPlugin [roughlyenoughitems]/" done in 65.14 μs
[16:55:41] [main/TRACE] [REI] [REIServerPlugin END] Reloading Section: "post-register/FabricFluidAPISupportPlugin/"
[16:55:41] [main/TRACE] [REI] [REIServerPlugin END] Reloading Section: "post-register/FabricFluidAPISupportPlugin/" done in 69.26 μs
[16:55:41] [main/TRACE] [REI] [REIServerPlugin END] Reloading Section: "post-register/DefaultRuntimePlugin of DefaultRuntimePlugin [roughlyenoughitems]/"
[16:55:41] [main/TRACE] [REI] [REIServerPlugin END] Reloading Section: "post-register/DefaultRuntimePlugin of DefaultRuntimePlugin [roughlyenoughitems]/" done in 58.37 μs
[16:55:41] [main/TRACE] [REI] [REIServerPlugin END] Reloading Section: "post-register/" done in 579.9 μs
[16:55:41] [main/TRACE] [REI] [REIServerPlugin END] Reloading Section: "post-stage/"
[16:55:41] [main/TRACE] [REI] [REIServerPlugin END] Reloading Section: "post-stage/MenuInfoRegistryImpl/"
[16:55:41] [main/TRACE] [REI] [REIServerPlugin END] Reloading Section: "post-stage/MenuInfoRegistryImpl/" done in 63.70 μs
[16:55:41] [main/TRACE] [REI] [REIServerPlugin END] Reloading Section: "post-stage/SlotAccessorRegistryImpl/"
[16:55:41] [main/TRACE] [REI] [REIServerPlugin END] Reloading Section: "post-stage/SlotAccessorRegistryImpl/" done in 53.03 μs
[16:55:41] [main/TRACE] [REI] [REIServerPlugin END] Reloading Section: "post-stage/" done in 472.7 μs
[16:55:41] [main/DEBUG] [REI] ========================================
[16:55:41] [main/INFO] [REI] REIServerPlugin finished post-reload for END in 1.267 ms, totaling 7.023 ms.
[16:55:41] [main/DEBUG] [REI] ========================================
